[2018-04-06T19:19:30,231][INFO ][o.e.n.Node               ] [] initializing ...
[2018-04-06T19:19:30,667][INFO ][o.e.e.NodeEnvironment    ] [aEJGq4E] using [1] data paths, mounts [[(C:)]], net usable_space [867.1gb], net total_space [930.9gb], types [NTFS]
[2018-04-06T19:19:30,667][INFO ][o.e.e.NodeEnvironment    ] [aEJGq4E] heap size [990.7mb], compressed ordinary object pointers [true]
[2018-04-06T19:19:31,332][INFO ][o.e.n.Node               ] node name [aEJGq4E] derived from node ID [aEJGq4EKTyetpgwMmtsqxQ]; set [node.name] to override
[2018-04-06T19:19:31,333][INFO ][o.e.n.Node               ] version[6.2.3], pid[2576], build[c59ff00/2018-03-13T10:06:29.741383Z], OS[Windows 10/10.0/amd64], JVM[Oracle Corporation/Java HotSpot(TM) 64-Bit Server VM/1.8.0_161/25.161-b12]
[2018-04-06T19:19:31,335][INFO ][o.e.n.Node               ] JVM arguments [-Xms1g, -Xmx1g, -XX:+UseConcMarkSweepGC, -XX:CMSInitiatingOccupancyFraction=75, -XX:+UseCMSInitiatingOccupancyOnly, -XX:+AlwaysPreTouch, -Xss1m, -Djava.awt.headless=true, -Dfile.encoding=UTF-8, -Djna.nosys=true, -XX:-OmitStackTraceInFastThrow, -Dio.netty.noUnsafe=true, -Dio.netty.noKeySetOptimization=true, -Dio.netty.recycler.maxCapacityPerThread=0, -Dlog4j.shutdownHookEnabled=false, -Dlog4j2.disable.jmx=true, -Djava.io.tmpdir=C:\Users\super\AppData\Local\Temp\elasticsearch, -XX:+HeapDumpOnOutOfMemoryError, -XX:+PrintGCDetails, -XX:+PrintGCDateStamps, -XX:+PrintTenuringDistribution, -XX:+PrintGCApplicationStoppedTime, -Xloggc:logs/gc.log, -XX:+UseGCLogFileRotation, -XX:NumberOfGCLogFiles=32, -XX:GCLogFileSize=64m, -Delasticsearch, -Des.path.home=C:\Users\super\Downloads\elasticsearch-6.2.3\elasticsearch-6.2.3, -Des.path.conf=C:\Users\super\Downloads\elasticsearch-6.2.3\elasticsearch-6.2.3\config]
[2018-04-06T19:19:32,133][INFO ][o.e.p.PluginsService     ] [aEJGq4E] loaded module [aggs-matrix-stats]
[2018-04-06T19:19:32,134][INFO ][o.e.p.PluginsService     ] [aEJGq4E] loaded module [analysis-common]
[2018-04-06T19:19:32,134][INFO ][o.e.p.PluginsService     ] [aEJGq4E] loaded module [ingest-common]
[2018-04-06T19:19:32,134][INFO ][o.e.p.PluginsService     ] [aEJGq4E] loaded module [lang-expression]
[2018-04-06T19:19:32,134][INFO ][o.e.p.PluginsService     ] [aEJGq4E] loaded module [lang-mustache]
[2018-04-06T19:19:32,134][INFO ][o.e.p.PluginsService     ] [aEJGq4E] loaded module [lang-painless]
[2018-04-06T19:19:32,134][INFO ][o.e.p.PluginsService     ] [aEJGq4E] loaded module [mapper-extras]
[2018-04-06T19:19:32,134][INFO ][o.e.p.PluginsService     ] [aEJGq4E] loaded module [parent-join]
[2018-04-06T19:19:32,135][INFO ][o.e.p.PluginsService     ] [aEJGq4E] loaded module [percolator]
[2018-04-06T19:19:32,135][INFO ][o.e.p.PluginsService     ] [aEJGq4E] loaded module [rank-eval]
[2018-04-06T19:19:32,135][INFO ][o.e.p.PluginsService     ] [aEJGq4E] loaded module [reindex]
[2018-04-06T19:19:32,135][INFO ][o.e.p.PluginsService     ] [aEJGq4E] loaded module [repository-url]
[2018-04-06T19:19:32,136][INFO ][o.e.p.PluginsService     ] [aEJGq4E] loaded module [transport-netty4]
[2018-04-06T19:19:32,136][INFO ][o.e.p.PluginsService     ] [aEJGq4E] loaded module [tribe]
[2018-04-06T19:19:32,137][INFO ][o.e.p.PluginsService     ] [aEJGq4E] no plugins loaded
[2018-04-06T19:19:42,628][INFO ][o.e.d.DiscoveryModule    ] [aEJGq4E] using discovery type [zen]
[2018-04-06T19:19:45,002][INFO ][o.e.n.Node               ] initialized
[2018-04-06T19:19:45,002][INFO ][o.e.n.Node               ] [aEJGq4E] starting ...
[2018-04-06T19:19:48,133][INFO ][o.e.t.TransportService   ] [aEJGq4E] publish_address {127.0.0.1:9300}, bound_addresses {127.0.0.1:9300}, {[::1]:9300}
[2018-04-06T19:19:51,407][INFO ][o.e.c.s.MasterService    ] [aEJGq4E] zen-disco-elected-as-master ([0] nodes joined), reason: new_master {aEJGq4E}{aEJGq4EKTyetpgwMmtsqxQ}{XzGgw-a8TfKJAkonZvgGNg}{127.0.0.1}{127.0.0.1:9300}
[2018-04-06T19:19:51,418][INFO ][o.e.c.s.ClusterApplierService] [aEJGq4E] new_master {aEJGq4E}{aEJGq4EKTyetpgwMmtsqxQ}{XzGgw-a8TfKJAkonZvgGNg}{127.0.0.1}{127.0.0.1:9300}, reason: apply cluster state (from master [master {aEJGq4E}{aEJGq4EKTyetpgwMmtsqxQ}{XzGgw-a8TfKJAkonZvgGNg}{127.0.0.1}{127.0.0.1:9300} committed version [1] source [zen-disco-elected-as-master ([0] nodes joined)]])
[2018-04-06T19:19:52,038][INFO ][o.e.h.n.Netty4HttpServerTransport] [aEJGq4E] publish_address {127.0.0.1:9200}, bound_addresses {127.0.0.1:9200}, {[::1]:9200}
[2018-04-06T19:19:52,039][INFO ][o.e.n.Node               ] [aEJGq4E] started
[2018-04-06T19:19:52,805][INFO ][o.e.g.GatewayService     ] [aEJGq4E] recovered [3] indices into cluster_state
[2018-04-06T19:19:59,187][INFO ][o.e.c.r.a.AllocationService] [aEJGq4E] Cluster health status changed from [RED] to [YELLOW] (reason: [shards started [[pulses][2]] ...]).
[2018-04-06T19:53:46,141][INFO ][o.e.n.Node               ] [] initializing ...
[2018-04-06T19:53:46,322][INFO ][o.e.e.NodeEnvironment    ] [aEJGq4E] using [1] data paths, mounts [[(C:)]], net usable_space [866.8gb], net total_space [930.9gb], types [NTFS]
[2018-04-06T19:53:46,323][INFO ][o.e.e.NodeEnvironment    ] [aEJGq4E] heap size [990.7mb], compressed ordinary object pointers [true]
[2018-04-06T19:53:46,500][INFO ][o.e.n.Node               ] node name [aEJGq4E] derived from node ID [aEJGq4EKTyetpgwMmtsqxQ]; set [node.name] to override
[2018-04-06T19:53:46,501][INFO ][o.e.n.Node               ] version[6.2.3], pid[32], build[c59ff00/2018-03-13T10:06:29.741383Z], OS[Windows 10/10.0/amd64], JVM[Oracle Corporation/Java HotSpot(TM) 64-Bit Server VM/1.8.0_161/25.161-b12]
[2018-04-06T19:53:46,501][INFO ][o.e.n.Node               ] JVM arguments [-Xms1g, -Xmx1g, -XX:+UseConcMarkSweepGC, -XX:CMSInitiatingOccupancyFraction=75, -XX:+UseCMSInitiatingOccupancyOnly, -XX:+AlwaysPreTouch, -Xss1m, -Djava.awt.headless=true, -Dfile.encoding=UTF-8, -Djna.nosys=true, -XX:-OmitStackTraceInFastThrow, -Dio.netty.noUnsafe=true, -Dio.netty.noKeySetOptimization=true, -Dio.netty.recycler.maxCapacityPerThread=0, -Dlog4j.shutdownHookEnabled=false, -Dlog4j2.disable.jmx=true, -Djava.io.tmpdir=C:\Users\super\AppData\Local\Temp\elasticsearch, -XX:+HeapDumpOnOutOfMemoryError, -XX:+PrintGCDetails, -XX:+PrintGCDateStamps, -XX:+PrintTenuringDistribution, -XX:+PrintGCApplicationStoppedTime, -Xloggc:logs/gc.log, -XX:+UseGCLogFileRotation, -XX:NumberOfGCLogFiles=32, -XX:GCLogFileSize=64m, -Delasticsearch, -Des.path.home=C:\Users\super\Downloads\elasticsearch-6.2.3\elasticsearch-6.2.3, -Des.path.conf=C:\Users\super\Downloads\elasticsearch-6.2.3\elasticsearch-6.2.3\config]
[2018-04-06T19:53:47,456][INFO ][o.e.p.PluginsService     ] [aEJGq4E] loaded module [aggs-matrix-stats]
[2018-04-06T19:53:47,457][INFO ][o.e.p.PluginsService     ] [aEJGq4E] loaded module [analysis-common]
[2018-04-06T19:53:47,459][INFO ][o.e.p.PluginsService     ] [aEJGq4E] loaded module [ingest-common]
[2018-04-06T19:53:47,459][INFO ][o.e.p.PluginsService     ] [aEJGq4E] loaded module [lang-expression]
[2018-04-06T19:53:47,460][INFO ][o.e.p.PluginsService     ] [aEJGq4E] loaded module [lang-mustache]
[2018-04-06T19:53:47,460][INFO ][o.e.p.PluginsService     ] [aEJGq4E] loaded module [lang-painless]
[2018-04-06T19:53:47,460][INFO ][o.e.p.PluginsService     ] [aEJGq4E] loaded module [mapper-extras]
[2018-04-06T19:53:47,461][INFO ][o.e.p.PluginsService     ] [aEJGq4E] loaded module [parent-join]
[2018-04-06T19:53:47,461][INFO ][o.e.p.PluginsService     ] [aEJGq4E] loaded module [percolator]
[2018-04-06T19:53:47,461][INFO ][o.e.p.PluginsService     ] [aEJGq4E] loaded module [rank-eval]
[2018-04-06T19:53:47,462][INFO ][o.e.p.PluginsService     ] [aEJGq4E] loaded module [reindex]
[2018-04-06T19:53:47,462][INFO ][o.e.p.PluginsService     ] [aEJGq4E] loaded module [repository-url]
[2018-04-06T19:53:47,462][INFO ][o.e.p.PluginsService     ] [aEJGq4E] loaded module [transport-netty4]
[2018-04-06T19:53:47,463][INFO ][o.e.p.PluginsService     ] [aEJGq4E] loaded module [tribe]
[2018-04-06T19:53:47,464][INFO ][o.e.p.PluginsService     ] [aEJGq4E] no plugins loaded
[2018-04-06T19:53:51,596][INFO ][o.e.d.DiscoveryModule    ] [aEJGq4E] using discovery type [zen]
[2018-04-06T19:53:52,398][INFO ][o.e.n.Node               ] initialized
[2018-04-06T19:53:52,399][INFO ][o.e.n.Node               ] [aEJGq4E] starting ...
[2018-04-06T19:53:53,015][INFO ][o.e.t.TransportService   ] [aEJGq4E] publish_address {127.0.0.1:9300}, bound_addresses {127.0.0.1:9300}, {[::1]:9300}
[2018-04-06T19:53:56,110][INFO ][o.e.c.s.MasterService    ] [aEJGq4E] zen-disco-elected-as-master ([0] nodes joined), reason: new_master {aEJGq4E}{aEJGq4EKTyetpgwMmtsqxQ}{jAahkO_0RdCBEGGOumzDmg}{127.0.0.1}{127.0.0.1:9300}
[2018-04-06T19:53:56,116][INFO ][o.e.c.s.ClusterApplierService] [aEJGq4E] new_master {aEJGq4E}{aEJGq4EKTyetpgwMmtsqxQ}{jAahkO_0RdCBEGGOumzDmg}{127.0.0.1}{127.0.0.1:9300}, reason: apply cluster state (from master [master {aEJGq4E}{aEJGq4EKTyetpgwMmtsqxQ}{jAahkO_0RdCBEGGOumzDmg}{127.0.0.1}{127.0.0.1:9300} committed version [1] source [zen-disco-elected-as-master ([0] nodes joined)]])
[2018-04-06T19:53:56,538][INFO ][o.e.g.GatewayService     ] [aEJGq4E] recovered [3] indices into cluster_state
[2018-04-06T19:53:56,578][INFO ][o.e.h.n.Netty4HttpServerTransport] [aEJGq4E] publish_address {127.0.0.1:9200}, bound_addresses {127.0.0.1:9200}, {[::1]:9200}
[2018-04-06T19:53:56,580][INFO ][o.e.n.Node               ] [aEJGq4E] started
[2018-04-06T19:53:58,796][INFO ][o.e.c.r.a.AllocationService] [aEJGq4E] Cluster health status changed from [RED] to [YELLOW] (reason: [shards started [[pulses][3]] ...]).
[2018-04-06T19:56:02,476][INFO ][o.e.b.Bootstrap          ] running graceful exit on windows
[2018-04-06T19:56:02,477][INFO ][o.e.n.Node               ] [aEJGq4E] stopping ...
[2018-04-06T19:56:03,592][INFO ][o.e.n.Node               ] [aEJGq4E] stopped
[2018-04-06T19:56:03,594][INFO ][o.e.n.Node               ] [aEJGq4E] closing ...
[2018-04-06T19:56:03,612][INFO ][o.e.n.Node               ] [aEJGq4E] closed
[2018-04-06T20:05:51,567][INFO ][o.e.n.Node               ] [] initializing ...
[2018-04-06T20:05:52,064][INFO ][o.e.e.NodeEnvironment    ] [aEJGq4E] using [1] data paths, mounts [[(C:)]], net usable_space [868gb], net total_space [930.9gb], types [NTFS]
[2018-04-06T20:05:52,066][INFO ][o.e.e.NodeEnvironment    ] [aEJGq4E] heap size [990.7mb], compressed ordinary object pointers [true]
[2018-04-06T20:05:54,964][INFO ][o.e.n.Node               ] node name [aEJGq4E] derived from node ID [aEJGq4EKTyetpgwMmtsqxQ]; set [node.name] to override
[2018-04-06T20:05:54,965][INFO ][o.e.n.Node               ] version[6.2.3], pid[10988], build[c59ff00/2018-03-13T10:06:29.741383Z], OS[Windows 10/10.0/amd64], JVM[Oracle Corporation/Java HotSpot(TM) 64-Bit Server VM/1.8.0_161/25.161-b12]
[2018-04-06T20:05:54,967][INFO ][o.e.n.Node               ] JVM arguments [-Xms1g, -Xmx1g, -XX:+UseConcMarkSweepGC, -XX:CMSInitiatingOccupancyFraction=75, -XX:+UseCMSInitiatingOccupancyOnly, -XX:+AlwaysPreTouch, -Xss1m, -Djava.awt.headless=true, -Dfile.encoding=UTF-8, -Djna.nosys=true, -XX:-OmitStackTraceInFastThrow, -Dio.netty.noUnsafe=true, -Dio.netty.noKeySetOptimization=true, -Dio.netty.recycler.maxCapacityPerThread=0, -Dlog4j.shutdownHookEnabled=false, -Dlog4j2.disable.jmx=true, -Djava.io.tmpdir=C:\Users\super\AppData\Local\Temp\elasticsearch, -XX:+HeapDumpOnOutOfMemoryError, -XX:+PrintGCDetails, -XX:+PrintGCDateStamps, -XX:+PrintTenuringDistribution, -XX:+PrintGCApplicationStoppedTime, -Xloggc:logs/gc.log, -XX:+UseGCLogFileRotation, -XX:NumberOfGCLogFiles=32, -XX:GCLogFileSize=64m, -Delasticsearch, -Des.path.home=C:\Users\super\Downloads\elasticsearch-6.2.3\elasticsearch-6.2.3, -Des.path.conf=C:\Users\super\Downloads\elasticsearch-6.2.3\elasticsearch-6.2.3\config]
[2018-04-06T20:05:56,001][INFO ][o.e.p.PluginsService     ] [aEJGq4E] loaded module [aggs-matrix-stats]
[2018-04-06T20:05:56,002][INFO ][o.e.p.PluginsService     ] [aEJGq4E] loaded module [analysis-common]
[2018-04-06T20:05:56,002][INFO ][o.e.p.PluginsService     ] [aEJGq4E] loaded module [ingest-common]
[2018-04-06T20:05:56,002][INFO ][o.e.p.PluginsService     ] [aEJGq4E] loaded module [lang-expression]
[2018-04-06T20:05:56,003][INFO ][o.e.p.PluginsService     ] [aEJGq4E] loaded module [lang-mustache]
[2018-04-06T20:05:56,003][INFO ][o.e.p.PluginsService     ] [aEJGq4E] loaded module [lang-painless]
[2018-04-06T20:05:56,004][INFO ][o.e.p.PluginsService     ] [aEJGq4E] loaded module [mapper-extras]
[2018-04-06T20:05:56,004][INFO ][o.e.p.PluginsService     ] [aEJGq4E] loaded module [parent-join]
[2018-04-06T20:05:56,004][INFO ][o.e.p.PluginsService     ] [aEJGq4E] loaded module [percolator]
[2018-04-06T20:05:56,004][INFO ][o.e.p.PluginsService     ] [aEJGq4E] loaded module [rank-eval]
[2018-04-06T20:05:56,005][INFO ][o.e.p.PluginsService     ] [aEJGq4E] loaded module [reindex]
[2018-04-06T20:05:56,005][INFO ][o.e.p.PluginsService     ] [aEJGq4E] loaded module [repository-url]
[2018-04-06T20:05:56,005][INFO ][o.e.p.PluginsService     ] [aEJGq4E] loaded module [transport-netty4]
[2018-04-06T20:05:56,006][INFO ][o.e.p.PluginsService     ] [aEJGq4E] loaded module [tribe]
[2018-04-06T20:05:56,007][INFO ][o.e.p.PluginsService     ] [aEJGq4E] no plugins loaded
[2018-04-06T20:06:11,579][INFO ][o.e.d.DiscoveryModule    ] [aEJGq4E] using discovery type [zen]
[2018-04-06T20:06:16,059][INFO ][o.e.n.Node               ] initialized
[2018-04-06T20:06:16,060][INFO ][o.e.n.Node               ] [aEJGq4E] starting ...
[2018-04-06T20:06:22,625][INFO ][o.e.t.TransportService   ] [aEJGq4E] publish_address {127.0.0.1:9300}, bound_addresses {127.0.0.1:9300}, {[::1]:9300}
[2018-04-06T20:06:26,823][INFO ][o.e.c.s.MasterService    ] [aEJGq4E] zen-disco-elected-as-master ([0] nodes joined), reason: new_master {aEJGq4E}{aEJGq4EKTyetpgwMmtsqxQ}{BbKZja1hRdStLzS5JqIlFQ}{127.0.0.1}{127.0.0.1:9300}
[2018-04-06T20:06:26,911][INFO ][o.e.c.s.ClusterApplierService] [aEJGq4E] new_master {aEJGq4E}{aEJGq4EKTyetpgwMmtsqxQ}{BbKZja1hRdStLzS5JqIlFQ}{127.0.0.1}{127.0.0.1:9300}, reason: apply cluster state (from master [master {aEJGq4E}{aEJGq4EKTyetpgwMmtsqxQ}{BbKZja1hRdStLzS5JqIlFQ}{127.0.0.1}{127.0.0.1:9300} committed version [1] source [zen-disco-elected-as-master ([0] nodes joined)]])
[2018-04-06T20:06:27,860][INFO ][o.e.h.n.Netty4HttpServerTransport] [aEJGq4E] publish_address {127.0.0.1:9200}, bound_addresses {127.0.0.1:9200}, {[::1]:9200}
[2018-04-06T20:06:27,860][INFO ][o.e.n.Node               ] [aEJGq4E] started
[2018-04-06T20:06:31,845][INFO ][o.e.g.GatewayService     ] [aEJGq4E] recovered [2] indices into cluster_state
[2018-04-06T20:06:42,907][INFO ][o.e.c.r.a.AllocationService] [aEJGq4E] Cluster health status changed from [RED] to [YELLOW] (reason: [shards started [[pulses][2], [pulses][0]] ...]).
[2018-04-06T20:58:25,513][INFO ][o.e.c.m.MetaDataMappingService] [aEJGq4E] [pulses/-UFVN1qzQsmc1yB3eoZ4tA] update_mapping [pulse]
[2018-04-06T21:11:17,706][INFO ][o.e.c.m.MetaDataCreateIndexService] [aEJGq4E] [indicators] creating index, cause [auto(bulk api)], templates [], shards [5]/[1], mappings []
[2018-04-06T21:11:18,722][INFO ][o.e.c.m.MetaDataMappingService] [aEJGq4E] [indicators/hgvX0odwSmCKROnnv-1LUQ] create_mapping [indicator]
[2018-04-06T21:11:19,837][INFO ][o.e.c.m.MetaDataMappingService] [aEJGq4E] [indicators/hgvX0odwSmCKROnnv-1LUQ] update_mapping [indicator]
[2018-04-06T21:32:17,454][DEBUG][o.e.a.a.i.m.p.TransportPutMappingAction] [aEJGq4E] failed to put mappings on indices [[[pulses/-UFVN1qzQsmc1yB3eoZ4tA]]], type [pulse]
org.elasticsearch.index.mapper.MapperParsingException: Root mapping definition has unsupported parameters:  [pulses : {mappings={pulse={properties={adversary={type=text, fields={keyword={type=keyword, ignore_above=256}}}, author_name={type=text, fields={keyword={type=keyword, ignore_above=256}}}, created={type=date}, description={type=text, fields={keyword={type=keyword, ignore_above=256}}}, id={type=text, fields={keyword={type=keyword, ignore_above=256}}}, indicators={properties={content={type=text, fields={keyword={type=keyword, ignore_above=256}}}, created={type=date}, description={type=text, fields={keyword={type=keyword, ignore_above=99999}}}, id={type=long}, indicator={type=text, fields={keyword={type=keyword, ignore_above=99999}}}, location={type=geo_point, properties={lat={type=float}, lng={type=float}}}, title={type=text, fields={keyword={type=keyword, ignore_above=256}}}, type={type=text, fields={keyword={type=keyword, ignore_above=256}}}}}, industries={type=text, fields={keyword={type=keyword, ignore_above=256}}}, modified={type=date}, more_indicators={type=boolean}, name={type=text, fields={keyword={type=keyword, ignore_above=256}}}, public={type=long}, references={type=text, fields={keyword={type=keyword, ignore_above=256}}}, revision={type=long}, tags={type=text, fields={keyword={type=keyword, ignore_above=256}}}, targeted_countries={type=text, fields={keyword={type=keyword, ignore_above=256}}}, tlp={type=text, fields={keyword={type=keyword, ignore_above=256}}}}}}}]
	at org.elasticsearch.index.mapper.DocumentMapperParser.checkNoRemainingFields(DocumentMapperParser.java:151) ~[elasticsearch-6.2.3.jar:6.2.3]
	at org.elasticsearch.index.mapper.DocumentMapperParser.parse(DocumentMapperParser.java:139) ~[elasticsearch-6.2.3.jar:6.2.3]
	at org.elasticsearch.index.mapper.DocumentMapperParser.parse(DocumentMapperParser.java:91) ~[elasticsearch-6.2.3.jar:6.2.3]
	at org.elasticsearch.index.mapper.MapperService.parse(MapperService.java:732) ~[elasticsearch-6.2.3.jar:6.2.3]
	at org.elasticsearch.cluster.metadata.MetaDataMappingService$PutMappingExecutor.applyRequest(MetaDataMappingService.java:264) ~[elasticsearch-6.2.3.jar:6.2.3]
	at org.elasticsearch.cluster.metadata.MetaDataMappingService$PutMappingExecutor.execute(MetaDataMappingService.java:230) ~[elasticsearch-6.2.3.jar:6.2.3]
	at org.elasticsearch.cluster.service.MasterService.executeTasks(MasterService.java:643) ~[elasticsearch-6.2.3.jar:6.2.3]
	at org.elasticsearch.cluster.service.MasterService.calculateTaskOutputs(MasterService.java:273) ~[elasticsearch-6.2.3.jar:6.2.3]
	at org.elasticsearch.cluster.service.MasterService.runTasks(MasterService.java:198) [elasticsearch-6.2.3.jar:6.2.3]
	at org.elasticsearch.cluster.service.MasterService$Batcher.run(MasterService.java:133) [elasticsearch-6.2.3.jar:6.2.3]
	at org.elasticsearch.cluster.service.TaskBatcher.runIfNotProcessed(TaskBatcher.java:150) [elasticsearch-6.2.3.jar:6.2.3]
	at org.elasticsearch.cluster.service.TaskBatcher$BatchedTask.run(TaskBatcher.java:188) [elasticsearch-6.2.3.jar:6.2.3]
	at org.elasticsearch.common.util.concurrent.ThreadContext$ContextPreservingRunnable.run(ThreadContext.java:573) [elasticsearch-6.2.3.jar:6.2.3]
	at org.elasticsearch.common.util.concurrent.PrioritizedEsThreadPoolExecutor$TieBreakingPrioritizedRunnable.runAndClean(PrioritizedEsThreadPoolExecutor.java:244) [elasticsearch-6.2.3.jar:6.2.3]
	at org.elasticsearch.common.util.concurrent.PrioritizedEsThreadPoolExecutor$TieBreakingPrioritizedRunnable.run(PrioritizedEsThreadPoolExecutor.java:207) [elasticsearch-6.2.3.jar:6.2.3]
	at java.util.concurrent.ThreadPoolExecutor.runWorker(Unknown Source) [?:1.8.0_161]
	at java.util.concurrent.ThreadPoolExecutor$Worker.run(Unknown Source) [?:1.8.0_161]
	at java.lang.Thread.run(Unknown Source) [?:1.8.0_161]
[2018-04-06T21:35:15,953][DEBUG][o.e.a.a.i.m.p.TransportPutMappingAction] [aEJGq4E] failed to put mappings on indices [[[pulses/-UFVN1qzQsmc1yB3eoZ4tA]]], type [pulse]
org.elasticsearch.index.mapper.MapperParsingException: Root mapping definition has unsupported parameters:  [pulses : {mappings={pulse={properties={adversary={type=text, fields={keyword={type=keyword, ignore_above=256}}}, author_name={type=text, fields={keyword={type=keyword, ignore_above=256}}}, created={type=date}, description={type=text, fields={keyword={type=keyword, ignore_above=256}}}, id={type=text, fields={keyword={type=keyword, ignore_above=256}}}, indicators={properties={content={type=text, fields={keyword={type=keyword, ignore_above=256}}}, created={type=date}, description={type=text, fields={keyword={type=keyword, ignore_above=99999}}}, id={type=long}, indicator={type=text, fields={keyword={type=keyword, ignore_above=99999}}}, location={type=geo_point, properties={lat={type=float}, lng={type=float}}}, title={type=text, fields={keyword={type=keyword, ignore_above=256}}}, type={type=text, fields={keyword={type=keyword, ignore_above=256}}}}}, industries={type=text, fields={keyword={type=keyword, ignore_above=256}}}, modified={type=date}, more_indicators={type=boolean}, name={type=text, fields={keyword={type=keyword, ignore_above=256}}}, public={type=long}, references={type=text, fields={keyword={type=keyword, ignore_above=256}}}, revision={type=long}, tags={type=text, fields={keyword={type=keyword, ignore_above=256}}}, targeted_countries={type=text, fields={keyword={type=keyword, ignore_above=256}}}, tlp={type=text, fields={keyword={type=keyword, ignore_above=256}}}}}}}]
	at org.elasticsearch.index.mapper.DocumentMapperParser.checkNoRemainingFields(DocumentMapperParser.java:151) ~[elasticsearch-6.2.3.jar:6.2.3]
	at org.elasticsearch.index.mapper.DocumentMapperParser.parse(DocumentMapperParser.java:139) ~[elasticsearch-6.2.3.jar:6.2.3]
	at org.elasticsearch.index.mapper.DocumentMapperParser.parse(DocumentMapperParser.java:91) ~[elasticsearch-6.2.3.jar:6.2.3]
	at org.elasticsearch.index.mapper.MapperService.parse(MapperService.java:732) ~[elasticsearch-6.2.3.jar:6.2.3]
	at org.elasticsearch.cluster.metadata.MetaDataMappingService$PutMappingExecutor.applyRequest(MetaDataMappingService.java:264) ~[elasticsearch-6.2.3.jar:6.2.3]
	at org.elasticsearch.cluster.metadata.MetaDataMappingService$PutMappingExecutor.execute(MetaDataMappingService.java:230) ~[elasticsearch-6.2.3.jar:6.2.3]
	at org.elasticsearch.cluster.service.MasterService.executeTasks(MasterService.java:643) ~[elasticsearch-6.2.3.jar:6.2.3]
	at org.elasticsearch.cluster.service.MasterService.calculateTaskOutputs(MasterService.java:273) ~[elasticsearch-6.2.3.jar:6.2.3]
	at org.elasticsearch.cluster.service.MasterService.runTasks(MasterService.java:198) [elasticsearch-6.2.3.jar:6.2.3]
	at org.elasticsearch.cluster.service.MasterService$Batcher.run(MasterService.java:133) [elasticsearch-6.2.3.jar:6.2.3]
	at org.elasticsearch.cluster.service.TaskBatcher.runIfNotProcessed(TaskBatcher.java:150) [elasticsearch-6.2.3.jar:6.2.3]
	at org.elasticsearch.cluster.service.TaskBatcher$BatchedTask.run(TaskBatcher.java:188) [elasticsearch-6.2.3.jar:6.2.3]
	at org.elasticsearch.common.util.concurrent.ThreadContext$ContextPreservingRunnable.run(ThreadContext.java:573) [elasticsearch-6.2.3.jar:6.2.3]
	at org.elasticsearch.common.util.concurrent.PrioritizedEsThreadPoolExecutor$TieBreakingPrioritizedRunnable.runAndClean(PrioritizedEsThreadPoolExecutor.java:244) [elasticsearch-6.2.3.jar:6.2.3]
	at org.elasticsearch.common.util.concurrent.PrioritizedEsThreadPoolExecutor$TieBreakingPrioritizedRunnable.run(PrioritizedEsThreadPoolExecutor.java:207) [elasticsearch-6.2.3.jar:6.2.3]
	at java.util.concurrent.ThreadPoolExecutor.runWorker(Unknown Source) [?:1.8.0_161]
	at java.util.concurrent.ThreadPoolExecutor$Worker.run(Unknown Source) [?:1.8.0_161]
	at java.lang.Thread.run(Unknown Source) [?:1.8.0_161]
[2018-04-06T21:36:35,840][DEBUG][o.e.a.a.i.m.p.TransportPutMappingAction] [aEJGq4E] failed to put mappings on indices [[[pulses/-UFVN1qzQsmc1yB3eoZ4tA]]], type [pulse]
org.elasticsearch.index.mapper.MapperParsingException: Root mapping definition has unsupported parameters:  [pulses : {mappings={pulse={properties={adversary={type=text, fields={keyword={type=keyword, ignore_above=256}}}, author_name={type=text, fields={keyword={type=keyword, ignore_above=256}}}, created={type=date}, description={type=text, fields={keyword={type=keyword, ignore_above=256}}}, id={type=text, fields={keyword={type=keyword, ignore_above=256}}}, indicators={properties={content={type=text, fields={keyword={type=keyword, ignore_above=256}}}, created={type=date}, description={type=text, fields={keyword={type=keyword, ignore_above=99999}}}, id={type=long}, indicator={type=text, fields={keyword={type=keyword, ignore_above=99999}}}, location={type=geo_point, properties={lat={type=float}, lng={type=float}}}, title={type=text, fields={keyword={type=keyword, ignore_above=256}}}, type={type=text, fields={keyword={type=keyword, ignore_above=256}}}}}, industries={type=text, fields={keyword={type=keyword, ignore_above=256}}}, modified={type=date}, more_indicators={type=boolean}, name={type=text, fields={keyword={type=keyword, ignore_above=256}}}, public={type=long}, references={type=text, fields={keyword={type=keyword, ignore_above=256}}}, revision={type=long}, tags={type=text, fields={keyword={type=keyword, ignore_above=256}}}, targeted_countries={type=text, fields={keyword={type=keyword, ignore_above=256}}}, tlp={type=text, fields={keyword={type=keyword, ignore_above=256}}}}}}}]
	at org.elasticsearch.index.mapper.DocumentMapperParser.checkNoRemainingFields(DocumentMapperParser.java:151) ~[elasticsearch-6.2.3.jar:6.2.3]
	at org.elasticsearch.index.mapper.DocumentMapperParser.parse(DocumentMapperParser.java:139) ~[elasticsearch-6.2.3.jar:6.2.3]
	at org.elasticsearch.index.mapper.DocumentMapperParser.parse(DocumentMapperParser.java:91) ~[elasticsearch-6.2.3.jar:6.2.3]
	at org.elasticsearch.index.mapper.MapperService.parse(MapperService.java:732) ~[elasticsearch-6.2.3.jar:6.2.3]
	at org.elasticsearch.cluster.metadata.MetaDataMappingService$PutMappingExecutor.applyRequest(MetaDataMappingService.java:264) ~[elasticsearch-6.2.3.jar:6.2.3]
	at org.elasticsearch.cluster.metadata.MetaDataMappingService$PutMappingExecutor.execute(MetaDataMappingService.java:230) ~[elasticsearch-6.2.3.jar:6.2.3]
	at org.elasticsearch.cluster.service.MasterService.executeTasks(MasterService.java:643) ~[elasticsearch-6.2.3.jar:6.2.3]
	at org.elasticsearch.cluster.service.MasterService.calculateTaskOutputs(MasterService.java:273) ~[elasticsearch-6.2.3.jar:6.2.3]
	at org.elasticsearch.cluster.service.MasterService.runTasks(MasterService.java:198) [elasticsearch-6.2.3.jar:6.2.3]
	at org.elasticsearch.cluster.service.MasterService$Batcher.run(MasterService.java:133) [elasticsearch-6.2.3.jar:6.2.3]
	at org.elasticsearch.cluster.service.TaskBatcher.runIfNotProcessed(TaskBatcher.java:150) [elasticsearch-6.2.3.jar:6.2.3]
	at org.elasticsearch.cluster.service.TaskBatcher$BatchedTask.run(TaskBatcher.java:188) [elasticsearch-6.2.3.jar:6.2.3]
	at org.elasticsearch.common.util.concurrent.ThreadContext$ContextPreservingRunnable.run(ThreadContext.java:573) [elasticsearch-6.2.3.jar:6.2.3]
	at org.elasticsearch.common.util.concurrent.PrioritizedEsThreadPoolExecutor$TieBreakingPrioritizedRunnable.runAndClean(PrioritizedEsThreadPoolExecutor.java:244) [elasticsearch-6.2.3.jar:6.2.3]
	at org.elasticsearch.common.util.concurrent.PrioritizedEsThreadPoolExecutor$TieBreakingPrioritizedRunnable.run(PrioritizedEsThreadPoolExecutor.java:207) [elasticsearch-6.2.3.jar:6.2.3]
	at java.util.concurrent.ThreadPoolExecutor.runWorker(Unknown Source) [?:1.8.0_161]
	at java.util.concurrent.ThreadPoolExecutor$Worker.run(Unknown Source) [?:1.8.0_161]
	at java.lang.Thread.run(Unknown Source) [?:1.8.0_161]
[2018-04-06T21:36:36,761][DEBUG][o.e.a.a.i.m.p.TransportPutMappingAction] [aEJGq4E] failed to put mappings on indices [[[pulses/-UFVN1qzQsmc1yB3eoZ4tA]]], type [pulse]
org.elasticsearch.index.mapper.MapperParsingException: Root mapping definition has unsupported parameters:  [pulses : {mappings={pulse={properties={adversary={type=text, fields={keyword={type=keyword, ignore_above=256}}}, author_name={type=text, fields={keyword={type=keyword, ignore_above=256}}}, created={type=date}, description={type=text, fields={keyword={type=keyword, ignore_above=256}}}, id={type=text, fields={keyword={type=keyword, ignore_above=256}}}, indicators={properties={content={type=text, fields={keyword={type=keyword, ignore_above=256}}}, created={type=date}, description={type=text, fields={keyword={type=keyword, ignore_above=99999}}}, id={type=long}, indicator={type=text, fields={keyword={type=keyword, ignore_above=99999}}}, location={type=geo_point, properties={lat={type=float}, lng={type=float}}}, title={type=text, fields={keyword={type=keyword, ignore_above=256}}}, type={type=text, fields={keyword={type=keyword, ignore_above=256}}}}}, industries={type=text, fields={keyword={type=keyword, ignore_above=256}}}, modified={type=date}, more_indicators={type=boolean}, name={type=text, fields={keyword={type=keyword, ignore_above=256}}}, public={type=long}, references={type=text, fields={keyword={type=keyword, ignore_above=256}}}, revision={type=long}, tags={type=text, fields={keyword={type=keyword, ignore_above=256}}}, targeted_countries={type=text, fields={keyword={type=keyword, ignore_above=256}}}, tlp={type=text, fields={keyword={type=keyword, ignore_above=256}}}}}}}]
	at org.elasticsearch.index.mapper.DocumentMapperParser.checkNoRemainingFields(DocumentMapperParser.java:151) ~[elasticsearch-6.2.3.jar:6.2.3]
	at org.elasticsearch.index.mapper.DocumentMapperParser.parse(DocumentMapperParser.java:139) ~[elasticsearch-6.2.3.jar:6.2.3]
	at org.elasticsearch.index.mapper.DocumentMapperParser.parse(DocumentMapperParser.java:91) ~[elasticsearch-6.2.3.jar:6.2.3]
	at org.elasticsearch.index.mapper.MapperService.parse(MapperService.java:732) ~[elasticsearch-6.2.3.jar:6.2.3]
	at org.elasticsearch.cluster.metadata.MetaDataMappingService$PutMappingExecutor.applyRequest(MetaDataMappingService.java:264) ~[elasticsearch-6.2.3.jar:6.2.3]
	at org.elasticsearch.cluster.metadata.MetaDataMappingService$PutMappingExecutor.execute(MetaDataMappingService.java:230) ~[elasticsearch-6.2.3.jar:6.2.3]
	at org.elasticsearch.cluster.service.MasterService.executeTasks(MasterService.java:643) ~[elasticsearch-6.2.3.jar:6.2.3]
	at org.elasticsearch.cluster.service.MasterService.calculateTaskOutputs(MasterService.java:273) ~[elasticsearch-6.2.3.jar:6.2.3]
	at org.elasticsearch.cluster.service.MasterService.runTasks(MasterService.java:198) [elasticsearch-6.2.3.jar:6.2.3]
	at org.elasticsearch.cluster.service.MasterService$Batcher.run(MasterService.java:133) [elasticsearch-6.2.3.jar:6.2.3]
	at org.elasticsearch.cluster.service.TaskBatcher.runIfNotProcessed(TaskBatcher.java:150) [elasticsearch-6.2.3.jar:6.2.3]
	at org.elasticsearch.cluster.service.TaskBatcher$BatchedTask.run(TaskBatcher.java:188) [elasticsearch-6.2.3.jar:6.2.3]
	at org.elasticsearch.common.util.concurrent.ThreadContext$ContextPreservingRunnable.run(ThreadContext.java:573) [elasticsearch-6.2.3.jar:6.2.3]
	at org.elasticsearch.common.util.concurrent.PrioritizedEsThreadPoolExecutor$TieBreakingPrioritizedRunnable.runAndClean(PrioritizedEsThreadPoolExecutor.java:244) [elasticsearch-6.2.3.jar:6.2.3]
	at org.elasticsearch.common.util.concurrent.PrioritizedEsThreadPoolExecutor$TieBreakingPrioritizedRunnable.run(PrioritizedEsThreadPoolExecutor.java:207) [elasticsearch-6.2.3.jar:6.2.3]
	at java.util.concurrent.ThreadPoolExecutor.runWorker(Unknown Source) [?:1.8.0_161]
	at java.util.concurrent.ThreadPoolExecutor$Worker.run(Unknown Source) [?:1.8.0_161]
	at java.lang.Thread.run(Unknown Source) [?:1.8.0_161]
[2018-04-06T23:23:27,108][DEBUG][o.e.a.a.i.m.p.TransportPutMappingAction] [aEJGq4E] failed to put mappings on indices [[[pulses/-UFVN1qzQsmc1yB3eoZ4tA]]], type [pulse]
org.elasticsearch.index.mapper.MapperParsingException: Root mapping definition has unsupported parameters:  [pulses : {mappings={pulse={properties={adversary={type=text, fields={keyword={type=keyword, ignore_above=256}}}, author_name={type=text, fields={keyword={type=keyword, ignore_above=256}}}, created={type=date}, description={type=text, fields={keyword={type=keyword, ignore_above=256}}}, id={type=text, fields={keyword={type=keyword, ignore_above=256}}}, indicators={properties={content={type=text, fields={keyword={type=keyword, ignore_above=256}}}, created={type=date}, description={type=text, fields={keyword={type=keyword, ignore_above=256}}}, id={type=long}, indicator={type=text, fields={keyword={type=keyword, ignore_above=256}}}, location={type=geo_point, properties={lat={type=float}, lng={type=float}}}, title={type=text, fields={keyword={type=keyword, ignore_above=256}}}, type={type=text, fields={keyword={type=keyword, ignore_above=256}}}}}, industries={type=text, fields={keyword={type=keyword, ignore_above=256}}}, modified={type=date}, more_indicators={type=boolean}, name={type=text, fields={keyword={type=keyword, ignore_above=256}}}, public={type=long}, references={type=text, fields={keyword={type=keyword, ignore_above=256}}}, revision={type=long}, tags={type=text, fields={keyword={type=keyword, ignore_above=256}}}, targeted_countries={type=text, fields={keyword={type=keyword, ignore_above=256}}}, tlp={type=text, fields={keyword={type=keyword, ignore_above=256}}}}}}}]
	at org.elasticsearch.index.mapper.DocumentMapperParser.checkNoRemainingFields(DocumentMapperParser.java:151) ~[elasticsearch-6.2.3.jar:6.2.3]
	at org.elasticsearch.index.mapper.DocumentMapperParser.parse(DocumentMapperParser.java:139) ~[elasticsearch-6.2.3.jar:6.2.3]
	at org.elasticsearch.index.mapper.DocumentMapperParser.parse(DocumentMapperParser.java:91) ~[elasticsearch-6.2.3.jar:6.2.3]
	at org.elasticsearch.index.mapper.MapperService.parse(MapperService.java:732) ~[elasticsearch-6.2.3.jar:6.2.3]
	at org.elasticsearch.cluster.metadata.MetaDataMappingService$PutMappingExecutor.applyRequest(MetaDataMappingService.java:264) ~[elasticsearch-6.2.3.jar:6.2.3]
	at org.elasticsearch.cluster.metadata.MetaDataMappingService$PutMappingExecutor.execute(MetaDataMappingService.java:230) ~[elasticsearch-6.2.3.jar:6.2.3]
	at org.elasticsearch.cluster.service.MasterService.executeTasks(MasterService.java:643) ~[elasticsearch-6.2.3.jar:6.2.3]
	at org.elasticsearch.cluster.service.MasterService.calculateTaskOutputs(MasterService.java:273) ~[elasticsearch-6.2.3.jar:6.2.3]
	at org.elasticsearch.cluster.service.MasterService.runTasks(MasterService.java:198) [elasticsearch-6.2.3.jar:6.2.3]
	at org.elasticsearch.cluster.service.MasterService$Batcher.run(MasterService.java:133) [elasticsearch-6.2.3.jar:6.2.3]
	at org.elasticsearch.cluster.service.TaskBatcher.runIfNotProcessed(TaskBatcher.java:150) [elasticsearch-6.2.3.jar:6.2.3]
	at org.elasticsearch.cluster.service.TaskBatcher$BatchedTask.run(TaskBatcher.java:188) [elasticsearch-6.2.3.jar:6.2.3]
	at org.elasticsearch.common.util.concurrent.ThreadContext$ContextPreservingRunnable.run(ThreadContext.java:573) [elasticsearch-6.2.3.jar:6.2.3]
	at org.elasticsearch.common.util.concurrent.PrioritizedEsThreadPoolExecutor$TieBreakingPrioritizedRunnable.runAndClean(PrioritizedEsThreadPoolExecutor.java:244) [elasticsearch-6.2.3.jar:6.2.3]
	at org.elasticsearch.common.util.concurrent.PrioritizedEsThreadPoolExecutor$TieBreakingPrioritizedRunnable.run(PrioritizedEsThreadPoolExecutor.java:207) [elasticsearch-6.2.3.jar:6.2.3]
	at java.util.concurrent.ThreadPoolExecutor.runWorker(Unknown Source) [?:1.8.0_161]
	at java.util.concurrent.ThreadPoolExecutor$Worker.run(Unknown Source) [?:1.8.0_161]
	at java.lang.Thread.run(Unknown Source) [?:1.8.0_161]
[2018-04-06T23:27:25,818][DEBUG][o.e.a.a.i.m.p.TransportPutMappingAction] [aEJGq4E] failed to put mappings on indices [[[pulses/-UFVN1qzQsmc1yB3eoZ4tA]]], type [pulse]
org.elasticsearch.index.mapper.MapperParsingException: Mapping definition for [location] has unsupported parameters:  [properties : {lat={type=float}, lng={type=float}}]
	at org.elasticsearch.index.mapper.DocumentMapperParser.checkNoRemainingFields(DocumentMapperParser.java:151) ~[elasticsearch-6.2.3.jar:6.2.3]
	at org.elasticsearch.index.mapper.DocumentMapperParser.checkNoRemainingFields(DocumentMapperParser.java:145) ~[elasticsearch-6.2.3.jar:6.2.3]
	at org.elasticsearch.index.mapper.ObjectMapper$TypeParser.parseProperties(ObjectMapper.java:286) ~[elasticsearch-6.2.3.jar:6.2.3]
	at org.elasticsearch.index.mapper.ObjectMapper$TypeParser.parseObjectOrDocumentTypeProperties(ObjectMapper.java:199) ~[elasticsearch-6.2.3.jar:6.2.3]
	at org.elasticsearch.index.mapper.ObjectMapper$TypeParser.parse(ObjectMapper.java:173) ~[elasticsearch-6.2.3.jar:6.2.3]
	at org.elasticsearch.index.mapper.ObjectMapper$TypeParser.parseProperties(ObjectMapper.java:278) ~[elasticsearch-6.2.3.jar:6.2.3]
	at org.elasticsearch.index.mapper.ObjectMapper$TypeParser.parseObjectOrDocumentTypeProperties(ObjectMapper.java:199) ~[elasticsearch-6.2.3.jar:6.2.3]
	at org.elasticsearch.index.mapper.RootObjectMapper$TypeParser.parse(RootObjectMapper.java:131) ~[elasticsearch-6.2.3.jar:6.2.3]
	at org.elasticsearch.index.mapper.DocumentMapperParser.parse(DocumentMapperParser.java:111) ~[elasticsearch-6.2.3.jar:6.2.3]
	at org.elasticsearch.index.mapper.DocumentMapperParser.parse(DocumentMapperParser.java:91) ~[elasticsearch-6.2.3.jar:6.2.3]
	at org.elasticsearch.index.mapper.MapperService.parse(MapperService.java:732) ~[elasticsearch-6.2.3.jar:6.2.3]
	at org.elasticsearch.cluster.metadata.MetaDataMappingService$PutMappingExecutor.applyRequest(MetaDataMappingService.java:264) ~[elasticsearch-6.2.3.jar:6.2.3]
	at org.elasticsearch.cluster.metadata.MetaDataMappingService$PutMappingExecutor.execute(MetaDataMappingService.java:230) ~[elasticsearch-6.2.3.jar:6.2.3]
	at org.elasticsearch.cluster.service.MasterService.executeTasks(MasterService.java:643) ~[elasticsearch-6.2.3.jar:6.2.3]
	at org.elasticsearch.cluster.service.MasterService.calculateTaskOutputs(MasterService.java:273) ~[elasticsearch-6.2.3.jar:6.2.3]
	at org.elasticsearch.cluster.service.MasterService.runTasks(MasterService.java:198) [elasticsearch-6.2.3.jar:6.2.3]
	at org.elasticsearch.cluster.service.MasterService$Batcher.run(MasterService.java:133) [elasticsearch-6.2.3.jar:6.2.3]
	at org.elasticsearch.cluster.service.TaskBatcher.runIfNotProcessed(TaskBatcher.java:150) [elasticsearch-6.2.3.jar:6.2.3]
	at org.elasticsearch.cluster.service.TaskBatcher$BatchedTask.run(TaskBatcher.java:188) [elasticsearch-6.2.3.jar:6.2.3]
	at org.elasticsearch.common.util.concurrent.ThreadContext$ContextPreservingRunnable.run(ThreadContext.java:573) [elasticsearch-6.2.3.jar:6.2.3]
	at org.elasticsearch.common.util.concurrent.PrioritizedEsThreadPoolExecutor$TieBreakingPrioritizedRunnable.runAndClean(PrioritizedEsThreadPoolExecutor.java:244) [elasticsearch-6.2.3.jar:6.2.3]
	at org.elasticsearch.common.util.concurrent.PrioritizedEsThreadPoolExecutor$TieBreakingPrioritizedRunnable.run(PrioritizedEsThreadPoolExecutor.java:207) [elasticsearch-6.2.3.jar:6.2.3]
	at java.util.concurrent.ThreadPoolExecutor.runWorker(Unknown Source) [?:1.8.0_161]
	at java.util.concurrent.ThreadPoolExecutor$Worker.run(Unknown Source) [?:1.8.0_161]
	at java.lang.Thread.run(Unknown Source) [?:1.8.0_161]
[2018-04-06T23:29:12,758][DEBUG][o.e.a.a.i.m.p.TransportPutMappingAction] [aEJGq4E] failed to put mappings on indices [[[pulses/-UFVN1qzQsmc1yB3eoZ4tA]]], type [pulse]
java.lang.IllegalArgumentException: Can't merge a non object mapping [indicators.location] with an object mapping [indicators.location]
	at org.elasticsearch.index.mapper.ObjectMapper.merge(ObjectMapper.java:445) ~[elasticsearch-6.2.3.jar:6.2.3]
	at org.elasticsearch.index.mapper.ObjectMapper.merge(ObjectMapper.java:45) ~[elasticsearch-6.2.3.jar:6.2.3]
	at org.elasticsearch.index.mapper.ObjectMapper.doMerge(ObjectMapper.java:477) ~[elasticsearch-6.2.3.jar:6.2.3]
	at org.elasticsearch.index.mapper.ObjectMapper.merge(ObjectMapper.java:449) ~[elasticsearch-6.2.3.jar:6.2.3]
	at org.elasticsearch.index.mapper.ObjectMapper.merge(ObjectMapper.java:45) ~[elasticsearch-6.2.3.jar:6.2.3]
	at org.elasticsearch.index.mapper.ObjectMapper.doMerge(ObjectMapper.java:477) ~[elasticsearch-6.2.3.jar:6.2.3]
	at org.elasticsearch.index.mapper.RootObjectMapper.doMerge(RootObjectMapper.java:277) ~[elasticsearch-6.2.3.jar:6.2.3]
	at org.elasticsearch.index.mapper.ObjectMapper.merge(ObjectMapper.java:449) ~[elasticsearch-6.2.3.jar:6.2.3]
	at org.elasticsearch.index.mapper.RootObjectMapper.merge(RootObjectMapper.java:272) ~[elasticsearch-6.2.3.jar:6.2.3]
	at org.elasticsearch.index.mapper.Mapping.merge(Mapping.java:89) ~[elasticsearch-6.2.3.jar:6.2.3]
	at org.elasticsearch.index.mapper.DocumentMapper.merge(DocumentMapper.java:304) ~[elasticsearch-6.2.3.jar:6.2.3]
	at org.elasticsearch.cluster.metadata.MetaDataMappingService$PutMappingExecutor.applyRequest(MetaDataMappingService.java:267) ~[elasticsearch-6.2.3.jar:6.2.3]
	at org.elasticsearch.cluster.metadata.MetaDataMappingService$PutMappingExecutor.execute(MetaDataMappingService.java:230) ~[elasticsearch-6.2.3.jar:6.2.3]
	at org.elasticsearch.cluster.service.MasterService.executeTasks(MasterService.java:643) ~[elasticsearch-6.2.3.jar:6.2.3]
	at org.elasticsearch.cluster.service.MasterService.calculateTaskOutputs(MasterService.java:273) ~[elasticsearch-6.2.3.jar:6.2.3]
	at org.elasticsearch.cluster.service.MasterService.runTasks(MasterService.java:198) [elasticsearch-6.2.3.jar:6.2.3]
	at org.elasticsearch.cluster.service.MasterService$Batcher.run(MasterService.java:133) [elasticsearch-6.2.3.jar:6.2.3]
	at org.elasticsearch.cluster.service.TaskBatcher.runIfNotProcessed(TaskBatcher.java:150) [elasticsearch-6.2.3.jar:6.2.3]
	at org.elasticsearch.cluster.service.TaskBatcher$BatchedTask.run(TaskBatcher.java:188) [elasticsearch-6.2.3.jar:6.2.3]
	at org.elasticsearch.common.util.concurrent.ThreadContext$ContextPreservingRunnable.run(ThreadContext.java:573) [elasticsearch-6.2.3.jar:6.2.3]
	at org.elasticsearch.common.util.concurrent.PrioritizedEsThreadPoolExecutor$TieBreakingPrioritizedRunnable.runAndClean(PrioritizedEsThreadPoolExecutor.java:244) [elasticsearch-6.2.3.jar:6.2.3]
	at org.elasticsearch.common.util.concurrent.PrioritizedEsThreadPoolExecutor$TieBreakingPrioritizedRunnable.run(PrioritizedEsThreadPoolExecutor.java:207) [elasticsearch-6.2.3.jar:6.2.3]
	at java.util.concurrent.ThreadPoolExecutor.runWorker(Unknown Source) [?:1.8.0_161]
	at java.util.concurrent.ThreadPoolExecutor$Worker.run(Unknown Source) [?:1.8.0_161]
	at java.lang.Thread.run(Unknown Source) [?:1.8.0_161]
[2018-04-06T23:30:50,348][INFO ][o.e.c.m.MetaDataDeleteIndexService] [aEJGq4E] [pulses/-UFVN1qzQsmc1yB3eoZ4tA] deleting index
[2018-04-06T23:33:11,212][INFO ][o.e.c.m.MetaDataCreateIndexService] [aEJGq4E] [pulses] creating index, cause [api], templates [], shards [5]/[1], mappings []
[2018-04-06T23:33:11,856][INFO ][o.e.c.m.MetaDataMappingService] [aEJGq4E] [pulses/9OPox_ElTzqwD7sq9i4oXQ] create_mapping [pulse]
[2018-04-06T23:33:15,265][DEBUG][o.e.a.b.TransportShardBulkAction] [pulses][1] failed to execute bulk item (index) BulkShardRequest [[pulses][1]] containing [index {[pulses][pulse][9], source[n/a, actual length: [2.9kb], max length: 2kb]}]
org.elasticsearch.index.mapper.MapperParsingException: failed to parse
	at org.elasticsearch.index.mapper.DocumentParser.wrapInMapperParsingException(DocumentParser.java:175) ~[elasticsearch-6.2.3.jar:6.2.3]
	at org.elasticsearch.index.mapper.DocumentParser.parseDocument(DocumentParser.java:70) ~[elasticsearch-6.2.3.jar:6.2.3]
	at org.elasticsearch.index.mapper.DocumentMapper.parse(DocumentMapper.java:261) ~[elasticsearch-6.2.3.jar:6.2.3]
	at org.elasticsearch.index.shard.IndexShard.prepareIndex(IndexShard.java:714) ~[elasticsearch-6.2.3.jar:6.2.3]
	at org.elasticsearch.index.shard.IndexShard.applyIndexOperation(IndexShard.java:692) ~[elasticsearch-6.2.3.jar:6.2.3]
	at org.elasticsearch.index.shard.IndexShard.applyIndexOperationOnPrimary(IndexShard.java:673) ~[elasticsearch-6.2.3.jar:6.2.3]
	at org.elasticsearch.action.bulk.TransportShardBulkAction.executeIndexRequestOnPrimary(TransportShardBulkAction.java:548) ~[elasticsearch-6.2.3.jar:6.2.3]
	at org.elasticsearch.action.bulk.TransportShardBulkAction.executeIndexRequest(TransportShardBulkAction.java:140) [elasticsearch-6.2.3.jar:6.2.3]
	at org.elasticsearch.action.bulk.TransportShardBulkAction.executeBulkItemRequest(TransportShardBulkAction.java:236) [elasticsearch-6.2.3.jar:6.2.3]
	at org.elasticsearch.action.bulk.TransportShardBulkAction.performOnPrimary(TransportShardBulkAction.java:123) [elasticsearch-6.2.3.jar:6.2.3]
	at org.elasticsearch.action.bulk.TransportShardBulkAction.shardOperationOnPrimary(TransportShardBulkAction.java:110) [elasticsearch-6.2.3.jar:6.2.3]
	at org.elasticsearch.action.bulk.TransportShardBulkAction.shardOperationOnPrimary(TransportShardBulkAction.java:72) [elasticsearch-6.2.3.jar:6.2.3]
	at org.elasticsearch.action.support.replication.TransportReplicationAction$PrimaryShardReference.perform(TransportReplicationAction.java:1034) [elasticsearch-6.2.3.jar:6.2.3]
	at org.elasticsearch.action.support.replication.TransportReplicationAction$PrimaryShardReference.perform(TransportReplicationAction.java:1012) [elasticsearch-6.2.3.jar:6.2.3]
	at org.elasticsearch.action.support.replication.ReplicationOperation.execute(ReplicationOperation.java:103) [elasticsearch-6.2.3.jar:6.2.3]
	at org.elasticsearch.action.support.replication.TransportReplicationAction$AsyncPrimaryAction.onResponse(TransportReplicationAction.java:359) [elasticsearch-6.2.3.jar:6.2.3]
	at org.elasticsearch.action.support.replication.TransportReplicationAction$AsyncPrimaryAction.onResponse(TransportReplicationAction.java:299) [elasticsearch-6.2.3.jar:6.2.3]
	at org.elasticsearch.action.support.replication.TransportReplicationAction$1.onResponse(TransportReplicationAction.java:975) [elasticsearch-6.2.3.jar:6.2.3]
	at org.elasticsearch.action.support.replication.TransportReplicationAction$1.onResponse(TransportReplicationAction.java:972) [elasticsearch-6.2.3.jar:6.2.3]
	at org.elasticsearch.index.shard.IndexShardOperationPermits.acquire(IndexShardOperationPermits.java:238) [elasticsearch-6.2.3.jar:6.2.3]
	at org.elasticsearch.index.shard.IndexShard.acquirePrimaryOperationPermit(IndexShard.java:2221) [elasticsearch-6.2.3.jar:6.2.3]
	at org.elasticsearch.action.support.replication.TransportReplicationAction.acquirePrimaryShardReference(TransportReplicationAction.java:984) [elasticsearch-6.2.3.jar:6.2.3]
	at org.elasticsearch.action.support.replication.TransportReplicationAction.access$500(TransportReplicationAction.java:98) [elasticsearch-6.2.3.jar:6.2.3]
	at org.elasticsearch.action.support.replication.TransportReplicationAction$AsyncPrimaryAction.doRun(TransportReplicationAction.java:320) [elasticsearch-6.2.3.jar:6.2.3]
	at org.elasticsearch.common.util.concurrent.AbstractRunnable.run(AbstractRunnable.java:37) [elasticsearch-6.2.3.jar:6.2.3]
	at org.elasticsearch.action.support.replication.TransportReplicationAction$PrimaryOperationTransportHandler.messageReceived(TransportReplicationAction.java:295) [elasticsearch-6.2.3.jar:6.2.3]
	at org.elasticsearch.action.support.replication.TransportReplicationAction$PrimaryOperationTransportHandler.messageReceived(TransportReplicationAction.java:282) [elasticsearch-6.2.3.jar:6.2.3]
	at org.elasticsearch.transport.RequestHandlerRegistry.processMessageReceived(RequestHandlerRegistry.java:66) [elasticsearch-6.2.3.jar:6.2.3]
	at org.elasticsearch.transport.TransportService$7.doRun(TransportService.java:656) [elasticsearch-6.2.3.jar:6.2.3]
	at org.elasticsearch.common.util.concurrent.ThreadContext$ContextPreservingAbstractRunnable.doRun(ThreadContext.java:672) [elasticsearch-6.2.3.jar:6.2.3]
	at org.elasticsearch.common.util.concurrent.AbstractRunnable.run(AbstractRunnable.java:37) [elasticsearch-6.2.3.jar:6.2.3]
	at java.util.concurrent.ThreadPoolExecutor.runWorker(Unknown Source) [?:1.8.0_161]
	at java.util.concurrent.ThreadPoolExecutor$Worker.run(Unknown Source) [?:1.8.0_161]
	at java.lang.Thread.run(Unknown Source) [?:1.8.0_161]
Caused by: org.elasticsearch.ElasticsearchParseException: field must be either [lat], [lon] or [geohash]
	at org.elasticsearch.common.geo.GeoUtils.parseGeoPoint(GeoUtils.java:407) ~[elasticsearch-6.2.3.jar:6.2.3]
	at org.elasticsearch.index.mapper.GeoPointFieldMapper.parse(GeoPointFieldMapper.java:292) ~[elasticsearch-6.2.3.jar:6.2.3]
	at org.elasticsearch.index.mapper.DocumentParser.parseObjectOrField(DocumentParser.java:485) ~[elasticsearch-6.2.3.jar:6.2.3]
	at org.elasticsearch.index.mapper.DocumentParser.parseObject(DocumentParser.java:500) ~[elasticsearch-6.2.3.jar:6.2.3]
	at org.elasticsearch.index.mapper.DocumentParser.innerParseObject(DocumentParser.java:394) ~[elasticsearch-6.2.3.jar:6.2.3]
	at org.elasticsearch.index.mapper.DocumentParser.parseObjectOrNested(DocumentParser.java:384) ~[elasticsearch-6.2.3.jar:6.2.3]
	at org.elasticsearch.index.mapper.DocumentParser.parseObjectOrField(DocumentParser.java:482) ~[elasticsearch-6.2.3.jar:6.2.3]
	at org.elasticsearch.index.mapper.DocumentParser.parseObject(DocumentParser.java:500) ~[elasticsearch-6.2.3.jar:6.2.3]
	at org.elasticsearch.index.mapper.DocumentParser.parseNonDynamicArray(DocumentParser.java:584) ~[elasticsearch-6.2.3.jar:6.2.3]
	at org.elasticsearch.index.mapper.DocumentParser.parseArray(DocumentParser.java:542) ~[elasticsearch-6.2.3.jar:6.2.3]
	at org.elasticsearch.index.mapper.DocumentParser.innerParseObject(DocumentParser.java:396) ~[elasticsearch-6.2.3.jar:6.2.3]
	at org.elasticsearch.index.mapper.DocumentParser.parseObjectOrNested(DocumentParser.java:384) ~[elasticsearch-6.2.3.jar:6.2.3]
	at org.elasticsearch.index.mapper.DocumentParser.internalParseDocument(DocumentParser.java:93) ~[elasticsearch-6.2.3.jar:6.2.3]
	at org.elasticsearch.index.mapper.DocumentParser.parseDocument(DocumentParser.java:67) ~[elasticsearch-6.2.3.jar:6.2.3]
	... 32 more
[2018-04-06T23:36:20,060][INFO ][o.e.c.m.MetaDataDeleteIndexService] [aEJGq4E] [indicators/hgvX0odwSmCKROnnv-1LUQ] deleting index
[2018-04-06T23:47:56,562][DEBUG][o.e.a.b.TransportShardBulkAction] [pulses][1] failed to execute bulk item (index) BulkShardRequest [[pulses][1]] containing [index {[pulses][pulse][9], source[n/a, actual length: [2.9kb], max length: 2kb]}]
org.elasticsearch.index.mapper.MapperParsingException: failed to parse
	at org.elasticsearch.index.mapper.DocumentParser.wrapInMapperParsingException(DocumentParser.java:175) ~[elasticsearch-6.2.3.jar:6.2.3]
	at org.elasticsearch.index.mapper.DocumentParser.parseDocument(DocumentParser.java:70) ~[elasticsearch-6.2.3.jar:6.2.3]
	at org.elasticsearch.index.mapper.DocumentMapper.parse(DocumentMapper.java:261) ~[elasticsearch-6.2.3.jar:6.2.3]
	at org.elasticsearch.index.shard.IndexShard.prepareIndex(IndexShard.java:714) ~[elasticsearch-6.2.3.jar:6.2.3]
	at org.elasticsearch.index.shard.IndexShard.applyIndexOperation(IndexShard.java:692) ~[elasticsearch-6.2.3.jar:6.2.3]
	at org.elasticsearch.index.shard.IndexShard.applyIndexOperationOnPrimary(IndexShard.java:673) ~[elasticsearch-6.2.3.jar:6.2.3]
	at org.elasticsearch.action.bulk.TransportShardBulkAction.executeIndexRequestOnPrimary(TransportShardBulkAction.java:548) ~[elasticsearch-6.2.3.jar:6.2.3]
	at org.elasticsearch.action.bulk.TransportShardBulkAction.executeIndexRequest(TransportShardBulkAction.java:140) [elasticsearch-6.2.3.jar:6.2.3]
	at org.elasticsearch.action.bulk.TransportShardBulkAction.executeBulkItemRequest(TransportShardBulkAction.java:236) [elasticsearch-6.2.3.jar:6.2.3]
	at org.elasticsearch.action.bulk.TransportShardBulkAction.performOnPrimary(TransportShardBulkAction.java:123) [elasticsearch-6.2.3.jar:6.2.3]
	at org.elasticsearch.action.bulk.TransportShardBulkAction.shardOperationOnPrimary(TransportShardBulkAction.java:110) [elasticsearch-6.2.3.jar:6.2.3]
	at org.elasticsearch.action.bulk.TransportShardBulkAction.shardOperationOnPrimary(TransportShardBulkAction.java:72) [elasticsearch-6.2.3.jar:6.2.3]
	at org.elasticsearch.action.support.replication.TransportReplicationAction$PrimaryShardReference.perform(TransportReplicationAction.java:1034) [elasticsearch-6.2.3.jar:6.2.3]
	at org.elasticsearch.action.support.replication.TransportReplicationAction$PrimaryShardReference.perform(TransportReplicationAction.java:1012) [elasticsearch-6.2.3.jar:6.2.3]
	at org.elasticsearch.action.support.replication.ReplicationOperation.execute(ReplicationOperation.java:103) [elasticsearch-6.2.3.jar:6.2.3]
	at org.elasticsearch.action.support.replication.TransportReplicationAction$AsyncPrimaryAction.onResponse(TransportReplicationAction.java:359) [elasticsearch-6.2.3.jar:6.2.3]
	at org.elasticsearch.action.support.replication.TransportReplicationAction$AsyncPrimaryAction.onResponse(TransportReplicationAction.java:299) [elasticsearch-6.2.3.jar:6.2.3]
	at org.elasticsearch.action.support.replication.TransportReplicationAction$1.onResponse(TransportReplicationAction.java:975) [elasticsearch-6.2.3.jar:6.2.3]
	at org.elasticsearch.action.support.replication.TransportReplicationAction$1.onResponse(TransportReplicationAction.java:972) [elasticsearch-6.2.3.jar:6.2.3]
	at org.elasticsearch.index.shard.IndexShardOperationPermits.acquire(IndexShardOperationPermits.java:238) [elasticsearch-6.2.3.jar:6.2.3]
	at org.elasticsearch.index.shard.IndexShard.acquirePrimaryOperationPermit(IndexShard.java:2221) [elasticsearch-6.2.3.jar:6.2.3]
	at org.elasticsearch.action.support.replication.TransportReplicationAction.acquirePrimaryShardReference(TransportReplicationAction.java:984) [elasticsearch-6.2.3.jar:6.2.3]
	at org.elasticsearch.action.support.replication.TransportReplicationAction.access$500(TransportReplicationAction.java:98) [elasticsearch-6.2.3.jar:6.2.3]
	at org.elasticsearch.action.support.replication.TransportReplicationAction$AsyncPrimaryAction.doRun(TransportReplicationAction.java:320) [elasticsearch-6.2.3.jar:6.2.3]
	at org.elasticsearch.common.util.concurrent.AbstractRunnable.run(AbstractRunnable.java:37) [elasticsearch-6.2.3.jar:6.2.3]
	at org.elasticsearch.action.support.replication.TransportReplicationAction$PrimaryOperationTransportHandler.messageReceived(TransportReplicationAction.java:295) [elasticsearch-6.2.3.jar:6.2.3]
	at org.elasticsearch.action.support.replication.TransportReplicationAction$PrimaryOperationTransportHandler.messageReceived(TransportReplicationAction.java:282) [elasticsearch-6.2.3.jar:6.2.3]
	at org.elasticsearch.transport.RequestHandlerRegistry.processMessageReceived(RequestHandlerRegistry.java:66) [elasticsearch-6.2.3.jar:6.2.3]
	at org.elasticsearch.transport.TransportService$7.doRun(TransportService.java:656) [elasticsearch-6.2.3.jar:6.2.3]
	at org.elasticsearch.common.util.concurrent.ThreadContext$ContextPreservingAbstractRunnable.doRun(ThreadContext.java:672) [elasticsearch-6.2.3.jar:6.2.3]
	at org.elasticsearch.common.util.concurrent.AbstractRunnable.run(AbstractRunnable.java:37) [elasticsearch-6.2.3.jar:6.2.3]
	at java.util.concurrent.ThreadPoolExecutor.runWorker(Unknown Source) [?:1.8.0_161]
	at java.util.concurrent.ThreadPoolExecutor$Worker.run(Unknown Source) [?:1.8.0_161]
	at java.lang.Thread.run(Unknown Source) [?:1.8.0_161]
Caused by: org.elasticsearch.ElasticsearchParseException: field must be either [lat], [lon] or [geohash]
	at org.elasticsearch.common.geo.GeoUtils.parseGeoPoint(GeoUtils.java:407) ~[elasticsearch-6.2.3.jar:6.2.3]
	at org.elasticsearch.index.mapper.GeoPointFieldMapper.parse(GeoPointFieldMapper.java:292) ~[elasticsearch-6.2.3.jar:6.2.3]
	at org.elasticsearch.index.mapper.DocumentParser.parseObjectOrField(DocumentParser.java:485) ~[elasticsearch-6.2.3.jar:6.2.3]
	at org.elasticsearch.index.mapper.DocumentParser.parseObject(DocumentParser.java:500) ~[elasticsearch-6.2.3.jar:6.2.3]
	at org.elasticsearch.index.mapper.DocumentParser.innerParseObject(DocumentParser.java:394) ~[elasticsearch-6.2.3.jar:6.2.3]
	at org.elasticsearch.index.mapper.DocumentParser.parseObjectOrNested(DocumentParser.java:384) ~[elasticsearch-6.2.3.jar:6.2.3]
	at org.elasticsearch.index.mapper.DocumentParser.parseObjectOrField(DocumentParser.java:482) ~[elasticsearch-6.2.3.jar:6.2.3]
	at org.elasticsearch.index.mapper.DocumentParser.parseObject(DocumentParser.java:500) ~[elasticsearch-6.2.3.jar:6.2.3]
	at org.elasticsearch.index.mapper.DocumentParser.parseNonDynamicArray(DocumentParser.java:584) ~[elasticsearch-6.2.3.jar:6.2.3]
	at org.elasticsearch.index.mapper.DocumentParser.parseArray(DocumentParser.java:542) ~[elasticsearch-6.2.3.jar:6.2.3]
	at org.elasticsearch.index.mapper.DocumentParser.innerParseObject(DocumentParser.java:396) ~[elasticsearch-6.2.3.jar:6.2.3]
	at org.elasticsearch.index.mapper.DocumentParser.parseObjectOrNested(DocumentParser.java:384) ~[elasticsearch-6.2.3.jar:6.2.3]
	at org.elasticsearch.index.mapper.DocumentParser.internalParseDocument(DocumentParser.java:93) ~[elasticsearch-6.2.3.jar:6.2.3]
	at org.elasticsearch.index.mapper.DocumentParser.parseDocument(DocumentParser.java:67) ~[elasticsearch-6.2.3.jar:6.2.3]
	... 32 more
[2018-04-06T23:51:58,053][DEBUG][o.e.a.b.TransportShardBulkAction] [pulses][3] failed to execute bulk item (index) BulkShardRequest [[pulses][3]] containing [index {[pulses][pulse][1], source[n/a, actual length: [4.1kb], max length: 2kb]}]
org.elasticsearch.index.mapper.MapperParsingException: failed to parse [indicators.location.lat]
	at org.elasticsearch.index.mapper.FieldMapper.parse(FieldMapper.java:302) ~[elasticsearch-6.2.3.jar:6.2.3]
	at org.elasticsearch.index.mapper.FieldMapper$MultiFields.parse(FieldMapper.java:565) ~[elasticsearch-6.2.3.jar:6.2.3]
	at org.elasticsearch.index.mapper.GeoPointFieldMapper.parse(GeoPointFieldMapper.java:234) ~[elasticsearch-6.2.3.jar:6.2.3]
	at org.elasticsearch.index.mapper.GeoPointFieldMapper.parse(GeoPointFieldMapper.java:292) ~[elasticsearch-6.2.3.jar:6.2.3]
	at org.elasticsearch.index.mapper.DocumentParser.parseObjectOrField(DocumentParser.java:485) ~[elasticsearch-6.2.3.jar:6.2.3]
	at org.elasticsearch.index.mapper.DocumentParser.parseObject(DocumentParser.java:500) ~[elasticsearch-6.2.3.jar:6.2.3]
	at org.elasticsearch.index.mapper.DocumentParser.innerParseObject(DocumentParser.java:394) ~[elasticsearch-6.2.3.jar:6.2.3]
	at org.elasticsearch.index.mapper.DocumentParser.parseObjectOrNested(DocumentParser.java:384) ~[elasticsearch-6.2.3.jar:6.2.3]
	at org.elasticsearch.index.mapper.DocumentParser.parseObjectOrField(DocumentParser.java:482) ~[elasticsearch-6.2.3.jar:6.2.3]
	at org.elasticsearch.index.mapper.DocumentParser.parseObject(DocumentParser.java:500) ~[elasticsearch-6.2.3.jar:6.2.3]
	at org.elasticsearch.index.mapper.DocumentParser.parseNonDynamicArray(DocumentParser.java:584) ~[elasticsearch-6.2.3.jar:6.2.3]
	at org.elasticsearch.index.mapper.DocumentParser.parseArray(DocumentParser.java:542) ~[elasticsearch-6.2.3.jar:6.2.3]
	at org.elasticsearch.index.mapper.DocumentParser.innerParseObject(DocumentParser.java:396) ~[elasticsearch-6.2.3.jar:6.2.3]
	at org.elasticsearch.index.mapper.DocumentParser.parseObjectOrNested(DocumentParser.java:384) ~[elasticsearch-6.2.3.jar:6.2.3]
	at org.elasticsearch.index.mapper.DocumentParser.internalParseDocument(DocumentParser.java:93) ~[elasticsearch-6.2.3.jar:6.2.3]
	at org.elasticsearch.index.mapper.DocumentParser.parseDocument(DocumentParser.java:67) ~[elasticsearch-6.2.3.jar:6.2.3]
	at org.elasticsearch.index.mapper.DocumentMapper.parse(DocumentMapper.java:261) ~[elasticsearch-6.2.3.jar:6.2.3]
	at org.elasticsearch.index.shard.IndexShard.prepareIndex(IndexShard.java:714) ~[elasticsearch-6.2.3.jar:6.2.3]
	at org.elasticsearch.index.shard.IndexShard.applyIndexOperation(IndexShard.java:692) ~[elasticsearch-6.2.3.jar:6.2.3]
	at org.elasticsearch.index.shard.IndexShard.applyIndexOperationOnPrimary(IndexShard.java:673) ~[elasticsearch-6.2.3.jar:6.2.3]
	at org.elasticsearch.action.bulk.TransportShardBulkAction.executeIndexRequestOnPrimary(TransportShardBulkAction.java:548) ~[elasticsearch-6.2.3.jar:6.2.3]
	at org.elasticsearch.action.bulk.TransportShardBulkAction.executeIndexRequest(TransportShardBulkAction.java:140) [elasticsearch-6.2.3.jar:6.2.3]
	at org.elasticsearch.action.bulk.TransportShardBulkAction.executeBulkItemRequest(TransportShardBulkAction.java:236) [elasticsearch-6.2.3.jar:6.2.3]
	at org.elasticsearch.action.bulk.TransportShardBulkAction.performOnPrimary(TransportShardBulkAction.java:123) [elasticsearch-6.2.3.jar:6.2.3]
	at org.elasticsearch.action.bulk.TransportShardBulkAction.shardOperationOnPrimary(TransportShardBulkAction.java:110) [elasticsearch-6.2.3.jar:6.2.3]
	at org.elasticsearch.action.bulk.TransportShardBulkAction.shardOperationOnPrimary(TransportShardBulkAction.java:72) [elasticsearch-6.2.3.jar:6.2.3]
	at org.elasticsearch.action.support.replication.TransportReplicationAction$PrimaryShardReference.perform(TransportReplicationAction.java:1034) [elasticsearch-6.2.3.jar:6.2.3]
	at org.elasticsearch.action.support.replication.TransportReplicationAction$PrimaryShardReference.perform(TransportReplicationAction.java:1012) [elasticsearch-6.2.3.jar:6.2.3]
	at org.elasticsearch.action.support.replication.ReplicationOperation.execute(ReplicationOperation.java:103) [elasticsearch-6.2.3.jar:6.2.3]
	at org.elasticsearch.action.support.replication.TransportReplicationAction$AsyncPrimaryAction.onResponse(TransportReplicationAction.java:359) [elasticsearch-6.2.3.jar:6.2.3]
	at org.elasticsearch.action.support.replication.TransportReplicationAction$AsyncPrimaryAction.onResponse(TransportReplicationAction.java:299) [elasticsearch-6.2.3.jar:6.2.3]
	at org.elasticsearch.action.support.replication.TransportReplicationAction$1.onResponse(TransportReplicationAction.java:975) [elasticsearch-6.2.3.jar:6.2.3]
	at org.elasticsearch.action.support.replication.TransportReplicationAction$1.onResponse(TransportReplicationAction.java:972) [elasticsearch-6.2.3.jar:6.2.3]
	at org.elasticsearch.index.shard.IndexShardOperationPermits.acquire(IndexShardOperationPermits.java:238) [elasticsearch-6.2.3.jar:6.2.3]
	at org.elasticsearch.index.shard.IndexShard.acquirePrimaryOperationPermit(IndexShard.java:2221) [elasticsearch-6.2.3.jar:6.2.3]
	at org.elasticsearch.action.support.replication.TransportReplicationAction.acquirePrimaryShardReference(TransportReplicationAction.java:984) [elasticsearch-6.2.3.jar:6.2.3]
	at org.elasticsearch.action.support.replication.TransportReplicationAction.access$500(TransportReplicationAction.java:98) [elasticsearch-6.2.3.jar:6.2.3]
	at org.elasticsearch.action.support.replication.TransportReplicationAction$AsyncPrimaryAction.doRun(TransportReplicationAction.java:320) [elasticsearch-6.2.3.jar:6.2.3]
	at org.elasticsearch.common.util.concurrent.AbstractRunnable.run(AbstractRunnable.java:37) [elasticsearch-6.2.3.jar:6.2.3]
	at org.elasticsearch.action.support.replication.TransportReplicationAction$PrimaryOperationTransportHandler.messageReceived(TransportReplicationAction.java:295) [elasticsearch-6.2.3.jar:6.2.3]
	at org.elasticsearch.action.support.replication.TransportReplicationAction$PrimaryOperationTransportHandler.messageReceived(TransportReplicationAction.java:282) [elasticsearch-6.2.3.jar:6.2.3]
	at org.elasticsearch.transport.RequestHandlerRegistry.processMessageReceived(RequestHandlerRegistry.java:66) [elasticsearch-6.2.3.jar:6.2.3]
	at org.elasticsearch.transport.TransportService$7.doRun(TransportService.java:656) [elasticsearch-6.2.3.jar:6.2.3]
	at org.elasticsearch.common.util.concurrent.ThreadContext$ContextPreservingAbstractRunnable.doRun(ThreadContext.java:672) [elasticsearch-6.2.3.jar:6.2.3]
	at org.elasticsearch.common.util.concurrent.AbstractRunnable.run(AbstractRunnable.java:37) [elasticsearch-6.2.3.jar:6.2.3]
	at java.util.concurrent.ThreadPoolExecutor.runWorker(Unknown Source) [?:1.8.0_161]
	at java.util.concurrent.ThreadPoolExecutor$Worker.run(Unknown Source) [?:1.8.0_161]
	at java.lang.Thread.run(Unknown Source) [?:1.8.0_161]
Caused by: java.lang.NumberFormatException: For input string: "s00000000000"
	at sun.misc.FloatingDecimal.readJavaFormatString(Unknown Source) ~[?:?]
	at sun.misc.FloatingDecimal.parseFloat(Unknown Source) ~[?:?]
	at java.lang.Float.parseFloat(Unknown Source) ~[?:1.8.0_161]
	at org.elasticsearch.index.mapper.NumberFieldMapper$NumberType$2.parse(NumberFieldMapper.java:276) ~[elasticsearch-6.2.3.jar:6.2.3]
	at org.elasticsearch.index.mapper.NumberFieldMapper$NumberType$2.parse(NumberFieldMapper.java:265) ~[elasticsearch-6.2.3.jar:6.2.3]
	at org.elasticsearch.index.mapper.NumberFieldMapper.parseCreateField(NumberFieldMapper.java:1020) ~[elasticsearch-6.2.3.jar:6.2.3]
	at org.elasticsearch.index.mapper.FieldMapper.parse(FieldMapper.java:297) ~[elasticsearch-6.2.3.jar:6.2.3]
	... 47 more
[2018-04-06T23:54:11,065][DEBUG][o.e.a.b.TransportShardBulkAction] [pulses][3] failed to execute bulk item (index) BulkShardRequest [[pulses][3]] containing [index {[pulses][pulse][1], source[n/a, actual length: [4.1kb], max length: 2kb]}]
org.elasticsearch.index.mapper.MapperParsingException: failed to parse [indicators.location.lat]
	at org.elasticsearch.index.mapper.FieldMapper.parse(FieldMapper.java:302) ~[elasticsearch-6.2.3.jar:6.2.3]
	at org.elasticsearch.index.mapper.FieldMapper$MultiFields.parse(FieldMapper.java:565) ~[elasticsearch-6.2.3.jar:6.2.3]
	at org.elasticsearch.index.mapper.GeoPointFieldMapper.parse(GeoPointFieldMapper.java:234) ~[elasticsearch-6.2.3.jar:6.2.3]
	at org.elasticsearch.index.mapper.GeoPointFieldMapper.parse(GeoPointFieldMapper.java:292) ~[elasticsearch-6.2.3.jar:6.2.3]
	at org.elasticsearch.index.mapper.DocumentParser.parseObjectOrField(DocumentParser.java:485) ~[elasticsearch-6.2.3.jar:6.2.3]
	at org.elasticsearch.index.mapper.DocumentParser.parseObject(DocumentParser.java:500) ~[elasticsearch-6.2.3.jar:6.2.3]
	at org.elasticsearch.index.mapper.DocumentParser.innerParseObject(DocumentParser.java:394) ~[elasticsearch-6.2.3.jar:6.2.3]
	at org.elasticsearch.index.mapper.DocumentParser.parseObjectOrNested(DocumentParser.java:384) ~[elasticsearch-6.2.3.jar:6.2.3]
	at org.elasticsearch.index.mapper.DocumentParser.parseObjectOrField(DocumentParser.java:482) ~[elasticsearch-6.2.3.jar:6.2.3]
	at org.elasticsearch.index.mapper.DocumentParser.parseObject(DocumentParser.java:500) ~[elasticsearch-6.2.3.jar:6.2.3]
	at org.elasticsearch.index.mapper.DocumentParser.parseNonDynamicArray(DocumentParser.java:584) ~[elasticsearch-6.2.3.jar:6.2.3]
	at org.elasticsearch.index.mapper.DocumentParser.parseArray(DocumentParser.java:542) ~[elasticsearch-6.2.3.jar:6.2.3]
	at org.elasticsearch.index.mapper.DocumentParser.innerParseObject(DocumentParser.java:396) ~[elasticsearch-6.2.3.jar:6.2.3]
	at org.elasticsearch.index.mapper.DocumentParser.parseObjectOrNested(DocumentParser.java:384) ~[elasticsearch-6.2.3.jar:6.2.3]
	at org.elasticsearch.index.mapper.DocumentParser.internalParseDocument(DocumentParser.java:93) ~[elasticsearch-6.2.3.jar:6.2.3]
	at org.elasticsearch.index.mapper.DocumentParser.parseDocument(DocumentParser.java:67) ~[elasticsearch-6.2.3.jar:6.2.3]
	at org.elasticsearch.index.mapper.DocumentMapper.parse(DocumentMapper.java:261) ~[elasticsearch-6.2.3.jar:6.2.3]
	at org.elasticsearch.index.shard.IndexShard.prepareIndex(IndexShard.java:714) ~[elasticsearch-6.2.3.jar:6.2.3]
	at org.elasticsearch.index.shard.IndexShard.applyIndexOperation(IndexShard.java:692) ~[elasticsearch-6.2.3.jar:6.2.3]
	at org.elasticsearch.index.shard.IndexShard.applyIndexOperationOnPrimary(IndexShard.java:673) ~[elasticsearch-6.2.3.jar:6.2.3]
	at org.elasticsearch.action.bulk.TransportShardBulkAction.executeIndexRequestOnPrimary(TransportShardBulkAction.java:548) ~[elasticsearch-6.2.3.jar:6.2.3]
	at org.elasticsearch.action.bulk.TransportShardBulkAction.executeIndexRequest(TransportShardBulkAction.java:140) [elasticsearch-6.2.3.jar:6.2.3]
	at org.elasticsearch.action.bulk.TransportShardBulkAction.executeBulkItemRequest(TransportShardBulkAction.java:236) [elasticsearch-6.2.3.jar:6.2.3]
	at org.elasticsearch.action.bulk.TransportShardBulkAction.performOnPrimary(TransportShardBulkAction.java:123) [elasticsearch-6.2.3.jar:6.2.3]
	at org.elasticsearch.action.bulk.TransportShardBulkAction.shardOperationOnPrimary(TransportShardBulkAction.java:110) [elasticsearch-6.2.3.jar:6.2.3]
	at org.elasticsearch.action.bulk.TransportShardBulkAction.shardOperationOnPrimary(TransportShardBulkAction.java:72) [elasticsearch-6.2.3.jar:6.2.3]
	at org.elasticsearch.action.support.replication.TransportReplicationAction$PrimaryShardReference.perform(TransportReplicationAction.java:1034) [elasticsearch-6.2.3.jar:6.2.3]
	at org.elasticsearch.action.support.replication.TransportReplicationAction$PrimaryShardReference.perform(TransportReplicationAction.java:1012) [elasticsearch-6.2.3.jar:6.2.3]
	at org.elasticsearch.action.support.replication.ReplicationOperation.execute(ReplicationOperation.java:103) [elasticsearch-6.2.3.jar:6.2.3]
	at org.elasticsearch.action.support.replication.TransportReplicationAction$AsyncPrimaryAction.onResponse(TransportReplicationAction.java:359) [elasticsearch-6.2.3.jar:6.2.3]
	at org.elasticsearch.action.support.replication.TransportReplicationAction$AsyncPrimaryAction.onResponse(TransportReplicationAction.java:299) [elasticsearch-6.2.3.jar:6.2.3]
	at org.elasticsearch.action.support.replication.TransportReplicationAction$1.onResponse(TransportReplicationAction.java:975) [elasticsearch-6.2.3.jar:6.2.3]
	at org.elasticsearch.action.support.replication.TransportReplicationAction$1.onResponse(TransportReplicationAction.java:972) [elasticsearch-6.2.3.jar:6.2.3]
	at org.elasticsearch.index.shard.IndexShardOperationPermits.acquire(IndexShardOperationPermits.java:238) [elasticsearch-6.2.3.jar:6.2.3]
	at org.elasticsearch.index.shard.IndexShard.acquirePrimaryOperationPermit(IndexShard.java:2221) [elasticsearch-6.2.3.jar:6.2.3]
	at org.elasticsearch.action.support.replication.TransportReplicationAction.acquirePrimaryShardReference(TransportReplicationAction.java:984) [elasticsearch-6.2.3.jar:6.2.3]
	at org.elasticsearch.action.support.replication.TransportReplicationAction.access$500(TransportReplicationAction.java:98) [elasticsearch-6.2.3.jar:6.2.3]
	at org.elasticsearch.action.support.replication.TransportReplicationAction$AsyncPrimaryAction.doRun(TransportReplicationAction.java:320) [elasticsearch-6.2.3.jar:6.2.3]
	at org.elasticsearch.common.util.concurrent.AbstractRunnable.run(AbstractRunnable.java:37) [elasticsearch-6.2.3.jar:6.2.3]
	at org.elasticsearch.action.support.replication.TransportReplicationAction$PrimaryOperationTransportHandler.messageReceived(TransportReplicationAction.java:295) [elasticsearch-6.2.3.jar:6.2.3]
	at org.elasticsearch.action.support.replication.TransportReplicationAction$PrimaryOperationTransportHandler.messageReceived(TransportReplicationAction.java:282) [elasticsearch-6.2.3.jar:6.2.3]
	at org.elasticsearch.transport.RequestHandlerRegistry.processMessageReceived(RequestHandlerRegistry.java:66) [elasticsearch-6.2.3.jar:6.2.3]
	at org.elasticsearch.transport.TransportService$7.doRun(TransportService.java:656) [elasticsearch-6.2.3.jar:6.2.3]
	at org.elasticsearch.common.util.concurrent.ThreadContext$ContextPreservingAbstractRunnable.doRun(ThreadContext.java:672) [elasticsearch-6.2.3.jar:6.2.3]
	at org.elasticsearch.common.util.concurrent.AbstractRunnable.run(AbstractRunnable.java:37) [elasticsearch-6.2.3.jar:6.2.3]
	at java.util.concurrent.ThreadPoolExecutor.runWorker(Unknown Source) [?:1.8.0_161]
	at java.util.concurrent.ThreadPoolExecutor$Worker.run(Unknown Source) [?:1.8.0_161]
	at java.lang.Thread.run(Unknown Source) [?:1.8.0_161]
Caused by: java.lang.NumberFormatException: For input string: "s00000000000"
	at sun.misc.FloatingDecimal.readJavaFormatString(Unknown Source) ~[?:?]
	at sun.misc.FloatingDecimal.parseFloat(Unknown Source) ~[?:?]
	at java.lang.Float.parseFloat(Unknown Source) ~[?:1.8.0_161]
	at org.elasticsearch.index.mapper.NumberFieldMapper$NumberType$2.parse(NumberFieldMapper.java:276) ~[elasticsearch-6.2.3.jar:6.2.3]
	at org.elasticsearch.index.mapper.NumberFieldMapper$NumberType$2.parse(NumberFieldMapper.java:265) ~[elasticsearch-6.2.3.jar:6.2.3]
	at org.elasticsearch.index.mapper.NumberFieldMapper.parseCreateField(NumberFieldMapper.java:1020) ~[elasticsearch-6.2.3.jar:6.2.3]
	at org.elasticsearch.index.mapper.FieldMapper.parse(FieldMapper.java:297) ~[elasticsearch-6.2.3.jar:6.2.3]
	... 47 more
[2018-04-06T23:56:26,880][INFO ][o.e.b.Bootstrap          ] running graceful exit on windows
[2018-04-06T23:56:26,881][INFO ][o.e.n.Node               ] [aEJGq4E] stopping ...
[2018-04-06T23:56:27,119][INFO ][o.e.n.Node               ] [aEJGq4E] stopped
[2018-04-06T23:56:27,121][INFO ][o.e.n.Node               ] [aEJGq4E] closing ...
[2018-04-06T23:56:27,159][INFO ][o.e.n.Node               ] [aEJGq4E] closed
