[2018-03-30T17:02:51,476][WARN ][o.e.d.i.m.UidFieldMapper ] Fielddata access on the _uid field is deprecated, use _id instead
[2018-03-30T17:03:19,555][WARN ][o.e.d.a.a.i.t.p.PutIndexTemplateRequest] Deprecated field [template] used, replaced by [index_patterns]
[2018-03-30T17:03:21,103][WARN ][o.e.d.a.a.i.t.p.PutIndexTemplateRequest] Deprecated field [template] used, replaced by [index_patterns]
[2018-03-30T17:03:21,155][WARN ][o.e.d.i.m.UidFieldMapper ] Fielddata access on the _uid field is deprecated, use _id instead
[2018-03-30T17:03:21,180][WARN ][o.e.d.a.a.i.t.p.PutIndexTemplateRequest] Deprecated field [template] used, replaced by [index_patterns]
[2018-03-30T17:03:21,215][WARN ][o.e.d.a.a.i.t.p.PutIndexTemplateRequest] Deprecated field [template] used, replaced by [index_patterns]
[2018-03-30T17:03:21,973][WARN ][o.e.d.a.a.i.t.p.PutIndexTemplateRequest] Deprecated field [template] used, replaced by [index_patterns]
[2018-03-30T17:04:04,497][WARN ][o.e.d.c.ParseField       ] Deprecated field [all_fields] used, replaced by [Set [fields] to `*` instead]
[2018-03-30T17:04:04,516][WARN ][o.e.d.c.ParseField       ] Deprecated field [all_fields] used, replaced by [Set [fields] to `*` instead]
[2018-03-30T17:04:04,672][WARN ][o.e.d.c.ParseField       ] Deprecated field [inline] used, expected [source] instead
[2018-03-30T17:04:04,672][WARN ][o.e.d.c.ParseField       ] Deprecated field [inline] used, expected [source] instead
[2018-03-30T17:04:11,903][WARN ][o.e.d.c.ParseField       ] Deprecated field [all_fields] used, replaced by [Set [fields] to `*` instead]
[2018-03-30T17:04:11,933][WARN ][o.e.d.c.ParseField       ] Deprecated field [inline] used, expected [source] instead
[2018-03-30T17:04:17,673][WARN ][o.e.d.c.ParseField       ] Deprecated field [all_fields] used, replaced by [Set [fields] to `*` instead]
[2018-03-30T17:04:17,681][WARN ][o.e.d.c.ParseField       ] Deprecated field [inline] used, expected [source] instead
[2018-03-30T17:04:44,823][WARN ][o.e.d.c.ParseField       ] Deprecated field [all_fields] used, replaced by [Set [fields] to `*` instead]
[2018-03-30T17:04:44,834][WARN ][o.e.d.c.ParseField       ] Deprecated field [inline] used, expected [source] instead
[2018-03-30T17:05:18,792][WARN ][o.e.d.c.ParseField       ] Deprecated field [all_fields] used, replaced by [Set [fields] to `*` instead]
[2018-03-30T17:05:18,801][WARN ][o.e.d.c.ParseField       ] Deprecated field [inline] used, expected [source] instead
[2018-03-30T17:05:18,904][WARN ][o.e.d.c.ParseField       ] Deprecated field [all_fields] used, replaced by [Set [fields] to `*` instead]
[2018-03-30T17:05:18,916][WARN ][o.e.d.c.ParseField       ] Deprecated field [inline] used, expected [source] instead
[2018-03-30T17:06:01,299][WARN ][o.e.d.a.a.i.t.p.PutIndexTemplateRequest] Deprecated field [template] used, replaced by [index_patterns]
[2018-03-30T17:06:06,117][WARN ][o.e.d.a.a.i.t.p.PutIndexTemplateRequest] Deprecated field [template] used, replaced by [index_patterns]
[2018-03-30T17:06:09,370][WARN ][o.e.d.a.a.i.t.p.PutIndexTemplateRequest] Deprecated field [template] used, replaced by [index_patterns]
[2018-03-30T17:06:33,781][WARN ][o.e.d.a.a.i.t.p.PutIndexTemplateRequest] Deprecated field [template] used, replaced by [index_patterns]
[2018-03-30T17:12:27,527][WARN ][o.e.d.a.a.i.t.p.PutIndexTemplateRequest] Deprecated field [template] used, replaced by [index_patterns]
[2018-03-30T17:12:28,133][WARN ][o.e.d.a.a.i.t.p.PutIndexTemplateRequest] Deprecated field [template] used, replaced by [index_patterns]
[2018-03-30T17:12:28,819][WARN ][o.e.d.a.a.i.t.p.PutIndexTemplateRequest] Deprecated field [template] used, replaced by [index_patterns]
[2018-03-30T17:13:59,472][WARN ][o.e.d.a.a.i.t.p.PutIndexTemplateRequest] Deprecated field [template] used, replaced by [index_patterns]
[2018-03-30T17:14:18,702][WARN ][o.e.d.a.a.i.t.p.PutIndexTemplateRequest] Deprecated field [template] used, replaced by [index_patterns]
[2018-03-30T17:14:55,065][WARN ][o.e.d.c.ParseField       ] Deprecated field [all_fields] used, replaced by [Set [fields] to `*` instead]
[2018-03-30T17:14:55,074][WARN ][o.e.d.c.ParseField       ] Deprecated field [inline] used, expected [source] instead
[2018-03-30T17:14:55,114][WARN ][o.e.d.c.ParseField       ] Deprecated field [all_fields] used, replaced by [Set [fields] to `*` instead]
[2018-03-30T17:14:55,119][WARN ][o.e.d.c.ParseField       ] Deprecated field [inline] used, expected [source] instead
[2018-03-30T17:15:00,719][WARN ][o.e.d.c.ParseField       ] Deprecated field [all_fields] used, replaced by [Set [fields] to `*` instead]
[2018-03-30T17:15:00,729][WARN ][o.e.d.c.ParseField       ] Deprecated field [inline] used, expected [source] instead
[2018-03-30T17:15:03,880][WARN ][o.e.d.c.ParseField       ] Deprecated field [all_fields] used, replaced by [Set [fields] to `*` instead]
[2018-03-30T17:15:03,887][WARN ][o.e.d.c.ParseField       ] Deprecated field [inline] used, expected [source] instead
[2018-03-30T17:15:39,333][WARN ][o.e.d.c.ParseField       ] Deprecated field [all_fields] used, replaced by [Set [fields] to `*` instead]
[2018-03-30T17:15:39,343][WARN ][o.e.d.c.ParseField       ] Deprecated field [inline] used, expected [source] instead
[2018-03-30T17:15:39,434][WARN ][o.e.d.c.ParseField       ] Deprecated field [all_fields] used, replaced by [Set [fields] to `*` instead]
[2018-03-30T17:15:39,439][WARN ][o.e.d.c.ParseField       ] Deprecated field [inline] used, expected [source] instead
[2018-03-30T17:16:46,346][WARN ][o.e.d.a.a.i.t.p.PutIndexTemplateRequest] Deprecated field [template] used, replaced by [index_patterns]
[2018-03-30T17:16:47,821][WARN ][o.e.d.a.a.i.t.p.PutIndexTemplateRequest] Deprecated field [template] used, replaced by [index_patterns]
[2018-03-30T17:16:51,233][WARN ][o.e.d.a.a.i.t.p.PutIndexTemplateRequest] Deprecated field [template] used, replaced by [index_patterns]
[2018-03-30T17:16:55,480][WARN ][o.e.d.a.a.i.t.p.PutIndexTemplateRequest] Deprecated field [template] used, replaced by [index_patterns]
[2018-03-30T17:16:56,398][WARN ][o.e.d.a.a.i.t.p.PutIndexTemplateRequest] Deprecated field [template] used, replaced by [index_patterns]
[2018-03-30T17:16:57,213][WARN ][o.e.d.a.a.i.t.p.PutIndexTemplateRequest] Deprecated field [template] used, replaced by [index_patterns]
[2018-03-30T17:16:58,013][WARN ][o.e.d.a.a.i.t.p.PutIndexTemplateRequest] Deprecated field [template] used, replaced by [index_patterns]
[2018-03-30T17:16:58,749][WARN ][o.e.d.a.a.i.t.p.PutIndexTemplateRequest] Deprecated field [template] used, replaced by [index_patterns]
[2018-03-30T17:17:00,273][WARN ][o.e.d.a.a.i.t.p.PutIndexTemplateRequest] Deprecated field [template] used, replaced by [index_patterns]
[2018-03-30T17:17:17,318][WARN ][o.e.d.a.a.i.t.p.PutIndexTemplateRequest] Deprecated field [template] used, replaced by [index_patterns]
[2018-03-30T17:17:41,929][WARN ][o.e.d.a.a.i.t.p.PutIndexTemplateRequest] Deprecated field [template] used, replaced by [index_patterns]
[2018-03-30T17:18:30,759][WARN ][o.e.d.a.a.i.t.p.PutIndexTemplateRequest] Deprecated field [template] used, replaced by [index_patterns]
[2018-03-30T17:18:41,677][WARN ][o.e.d.a.a.i.t.p.PutIndexTemplateRequest] Deprecated field [template] used, replaced by [index_patterns]
[2018-03-30T17:22:00,247][WARN ][o.e.d.a.a.i.t.p.PutIndexTemplateRequest] Deprecated field [template] used, replaced by [index_patterns]
[2018-03-30T17:22:00,450][WARN ][o.e.d.a.a.i.t.p.PutIndexTemplateRequest] Deprecated field [template] used, replaced by [index_patterns]
[2018-03-30T17:22:08,622][WARN ][o.e.d.i.m.UidFieldMapper ] Fielddata access on the _uid field is deprecated, use _id instead
[2018-03-30T17:22:11,355][WARN ][o.e.d.a.a.i.t.p.PutIndexTemplateRequest] Deprecated field [template] used, replaced by [index_patterns]
[2018-03-30T17:22:11,802][WARN ][o.e.d.i.m.UidFieldMapper ] Fielddata access on the _uid field is deprecated, use _id instead
[2018-03-30T17:22:11,827][WARN ][o.e.d.a.a.i.t.p.PutIndexTemplateRequest] Deprecated field [template] used, replaced by [index_patterns]
[2018-03-30T17:22:11,868][WARN ][o.e.d.a.a.i.t.p.PutIndexTemplateRequest] Deprecated field [template] used, replaced by [index_patterns]
[2018-03-30T17:22:36,549][WARN ][o.e.d.c.ParseField       ] Deprecated field [all_fields] used, replaced by [Set [fields] to `*` instead]
[2018-03-30T17:22:36,556][WARN ][o.e.d.c.ParseField       ] Deprecated field [inline] used, expected [source] instead
[2018-03-30T17:22:36,862][WARN ][o.e.d.c.ParseField       ] Deprecated field [all_fields] used, replaced by [Set [fields] to `*` instead]
[2018-03-30T17:22:36,867][WARN ][o.e.d.c.ParseField       ] Deprecated field [inline] used, expected [source] instead
[2018-03-30T17:22:49,812][WARN ][o.e.d.c.ParseField       ] Deprecated field [all_fields] used, replaced by [Set [fields] to `*` instead]
[2018-03-30T17:22:49,817][WARN ][o.e.d.c.ParseField       ] Deprecated field [inline] used, expected [source] instead
[2018-03-30T17:28:21,198][WARN ][o.e.d.a.a.i.t.p.PutIndexTemplateRequest] Deprecated field [template] used, replaced by [index_patterns]
[2018-03-30T17:28:25,449][WARN ][o.e.d.a.a.i.t.p.PutIndexTemplateRequest] Deprecated field [template] used, replaced by [index_patterns]
[2018-03-30T17:28:29,881][WARN ][o.e.d.a.a.i.t.p.PutIndexTemplateRequest] Deprecated field [template] used, replaced by [index_patterns]
[2018-04-06T19:25:08,849][WARN ][o.e.d.i.m.UidFieldMapper ] Fielddata access on the _uid field is deprecated, use _id instead
[2018-04-06T19:25:16,911][WARN ][o.e.d.a.a.i.t.p.PutIndexTemplateRequest] Deprecated field [template] used, replaced by [index_patterns]
[2018-04-06T19:25:17,926][WARN ][o.e.d.i.m.UidFieldMapper ] Fielddata access on the _uid field is deprecated, use _id instead
[2018-04-06T19:25:17,945][WARN ][o.e.d.a.a.i.t.p.PutIndexTemplateRequest] Deprecated field [template] used, replaced by [index_patterns]
[2018-04-06T19:40:26,748][WARN ][o.e.d.a.a.i.t.p.PutIndexTemplateRequest] Deprecated field [template] used, replaced by [index_patterns]
[2018-04-06T19:40:56,006][WARN ][o.e.d.a.a.i.t.p.PutIndexTemplateRequest] Deprecated field [template] used, replaced by [index_patterns]
[2018-04-06T19:41:12,458][WARN ][o.e.d.a.a.i.t.p.PutIndexTemplateRequest] Deprecated field [template] used, replaced by [index_patterns]
[2018-04-06T20:09:37,680][WARN ][o.e.d.a.a.i.t.p.PutIndexTemplateRequest] Deprecated field [template] used, replaced by [index_patterns]
[2018-04-06T20:09:45,993][WARN ][o.e.d.a.a.i.t.p.PutIndexTemplateRequest] Deprecated field [template] used, replaced by [index_patterns]
[2018-04-06T21:07:04,331][WARN ][o.e.d.a.a.i.t.p.PutIndexTemplateRequest] Deprecated field [template] used, replaced by [index_patterns]
[2018-04-06T21:07:11,207][WARN ][o.e.d.a.a.i.t.p.PutIndexTemplateRequest] Deprecated field [template] used, replaced by [index_patterns]
[2018-04-06T21:07:11,425][WARN ][o.e.d.a.a.i.t.p.PutIndexTemplateRequest] Deprecated field [template] used, replaced by [index_patterns]
[2018-04-06T21:07:20,234][WARN ][o.e.d.i.m.UidFieldMapper ] Fielddata access on the _uid field is deprecated, use _id instead
[2018-04-06T21:07:23,113][WARN ][o.e.d.a.a.i.t.p.PutIndexTemplateRequest] Deprecated field [template] used, replaced by [index_patterns]
[2018-04-06T21:07:23,777][WARN ][o.e.d.i.m.UidFieldMapper ] Fielddata access on the _uid field is deprecated, use _id instead
[2018-04-06T21:07:23,795][WARN ][o.e.d.a.a.i.t.p.PutIndexTemplateRequest] Deprecated field [template] used, replaced by [index_patterns]
[2018-04-06T21:07:23,830][WARN ][o.e.d.a.a.i.t.p.PutIndexTemplateRequest] Deprecated field [template] used, replaced by [index_patterns]
[2018-04-06T21:11:41,043][WARN ][o.e.d.i.m.UidFieldMapper ] Fielddata access on the _uid field is deprecated, use _id instead
[2018-04-06T21:11:43,733][WARN ][o.e.d.a.a.i.t.p.PutIndexTemplateRequest] Deprecated field [template] used, replaced by [index_patterns]
[2018-04-06T21:11:44,170][WARN ][o.e.d.i.m.UidFieldMapper ] Fielddata access on the _uid field is deprecated, use _id instead
[2018-04-06T21:11:44,185][WARN ][o.e.d.a.a.i.t.p.PutIndexTemplateRequest] Deprecated field [template] used, replaced by [index_patterns]
[2018-04-06T21:12:02,762][WARN ][o.e.d.a.a.i.t.p.PutIndexTemplateRequest] Deprecated field [template] used, replaced by [index_patterns]
[2018-04-06T21:38:45,280][WARN ][o.e.d.c.ParseField       ] Deprecated field [all_fields] used, replaced by [Set [fields] to `*` instead]
[2018-04-06T21:38:45,298][WARN ][o.e.d.c.ParseField       ] Deprecated field [inline] used, expected [source] instead
[2018-04-06T21:40:29,189][WARN ][o.e.d.c.ParseField       ] Deprecated field [all_fields] used, replaced by [Set [fields] to `*` instead]
[2018-04-06T21:41:09,460][WARN ][o.e.d.c.ParseField       ] Deprecated field [all_fields] used, replaced by [Set [fields] to `*` instead]
[2018-04-06T21:41:09,740][WARN ][o.e.d.c.ParseField       ] Deprecated field [all_fields] used, replaced by [Set [fields] to `*` instead]
[2018-04-06T21:41:17,796][WARN ][o.e.d.c.ParseField       ] Deprecated field [all_fields] used, replaced by [Set [fields] to `*` instead]
[2018-04-06T21:41:17,805][WARN ][o.e.d.c.ParseField       ] Deprecated field [inline] used, expected [source] instead
[2018-04-06T21:41:51,282][WARN ][o.e.d.c.ParseField       ] Deprecated field [all_fields] used, replaced by [Set [fields] to `*` instead]
[2018-04-06T21:41:51,298][WARN ][o.e.d.c.ParseField       ] Deprecated field [inline] used, expected [source] instead
[2018-04-06T21:42:06,651][WARN ][o.e.d.c.ParseField       ] Deprecated field [all_fields] used, replaced by [Set [fields] to `*` instead]
[2018-04-06T21:42:06,662][WARN ][o.e.d.c.ParseField       ] Deprecated field [inline] used, expected [source] instead
[2018-04-06T21:42:14,120][WARN ][o.e.d.a.a.i.t.p.PutIndexTemplateRequest] Deprecated field [template] used, replaced by [index_patterns]
[2018-04-06T21:42:15,040][WARN ][o.e.d.c.ParseField       ] Deprecated field [all_fields] used, replaced by [Set [fields] to `*` instead]
[2018-04-06T21:42:15,048][WARN ][o.e.d.c.ParseField       ] Deprecated field [inline] used, expected [source] instead
[2018-04-06T21:42:19,861][WARN ][o.e.d.c.ParseField       ] Deprecated field [all_fields] used, replaced by [Set [fields] to `*` instead]
[2018-04-06T21:42:19,866][WARN ][o.e.d.c.ParseField       ] Deprecated field [inline] used, expected [source] instead
[2018-04-06T21:42:26,116][WARN ][o.e.d.c.ParseField       ] Deprecated field [all_fields] used, replaced by [Set [fields] to `*` instead]
[2018-04-06T21:42:26,123][WARN ][o.e.d.c.ParseField       ] Deprecated field [inline] used, expected [source] instead
[2018-04-06T21:42:30,983][WARN ][o.e.d.c.ParseField       ] Deprecated field [all_fields] used, replaced by [Set [fields] to `*` instead]
[2018-04-06T21:42:30,990][WARN ][o.e.d.c.ParseField       ] Deprecated field [inline] used, expected [source] instead
[2018-04-06T21:42:44,106][WARN ][o.e.d.a.a.i.t.p.PutIndexTemplateRequest] Deprecated field [template] used, replaced by [index_patterns]
[2018-04-06T21:42:45,302][WARN ][o.e.d.c.ParseField       ] Deprecated field [all_fields] used, replaced by [Set [fields] to `*` instead]
[2018-04-06T21:42:45,308][WARN ][o.e.d.c.ParseField       ] Deprecated field [inline] used, expected [source] instead
[2018-04-06T21:42:53,210][WARN ][o.e.d.c.ParseField       ] Deprecated field [all_fields] used, replaced by [Set [fields] to `*` instead]
[2018-04-06T21:42:53,217][WARN ][o.e.d.c.ParseField       ] Deprecated field [inline] used, expected [source] instead
[2018-04-06T21:43:18,578][WARN ][o.e.d.c.ParseField       ] Deprecated field [all_fields] used, replaced by [Set [fields] to `*` instead]
[2018-04-06T21:43:18,587][WARN ][o.e.d.c.ParseField       ] Deprecated field [inline] used, expected [source] instead
[2018-04-06T21:43:23,063][WARN ][o.e.d.c.ParseField       ] Deprecated field [all_fields] used, replaced by [Set [fields] to `*` instead]
[2018-04-06T21:43:23,070][WARN ][o.e.d.c.ParseField       ] Deprecated field [inline] used, expected [source] instead
[2018-04-06T21:43:23,388][WARN ][o.e.d.c.ParseField       ] Deprecated field [all_fields] used, replaced by [Set [fields] to `*` instead]
[2018-04-06T21:43:23,393][WARN ][o.e.d.c.ParseField       ] Deprecated field [inline] used, expected [source] instead
[2018-04-06T21:43:35,861][WARN ][o.e.d.c.ParseField       ] Deprecated field [all_fields] used, replaced by [Set [fields] to `*` instead]
[2018-04-06T21:43:35,868][WARN ][o.e.d.c.ParseField       ] Deprecated field [inline] used, expected [source] instead
[2018-04-06T21:43:46,254][WARN ][o.e.d.c.ParseField       ] Deprecated field [all_fields] used, replaced by [Set [fields] to `*` instead]
[2018-04-06T21:43:46,262][WARN ][o.e.d.c.ParseField       ] Deprecated field [inline] used, expected [source] instead
[2018-04-06T21:43:50,205][WARN ][o.e.d.c.ParseField       ] Deprecated field [all_fields] used, replaced by [Set [fields] to `*` instead]
[2018-04-06T21:43:50,213][WARN ][o.e.d.c.ParseField       ] Deprecated field [inline] used, expected [source] instead
[2018-04-06T21:43:52,840][WARN ][o.e.d.c.ParseField       ] Deprecated field [all_fields] used, replaced by [Set [fields] to `*` instead]
[2018-04-06T21:43:52,847][WARN ][o.e.d.c.ParseField       ] Deprecated field [inline] used, expected [source] instead
[2018-04-06T21:43:57,371][WARN ][o.e.d.a.a.i.t.p.PutIndexTemplateRequest] Deprecated field [template] used, replaced by [index_patterns]
[2018-04-06T21:43:57,478][WARN ][o.e.d.c.ParseField       ] Deprecated field [all_fields] used, replaced by [Set [fields] to `*` instead]
[2018-04-06T21:43:57,483][WARN ][o.e.d.c.ParseField       ] Deprecated field [inline] used, expected [source] instead
[2018-04-06T21:43:58,055][WARN ][o.e.d.c.ParseField       ] Deprecated field [all_fields] used, replaced by [Set [fields] to `*` instead]
[2018-04-06T21:43:58,060][WARN ][o.e.d.c.ParseField       ] Deprecated field [inline] used, expected [source] instead
[2018-04-06T21:44:00,029][WARN ][o.e.d.c.ParseField       ] Deprecated field [all_fields] used, replaced by [Set [fields] to `*` instead]
[2018-04-06T21:44:00,034][WARN ][o.e.d.c.ParseField       ] Deprecated field [inline] used, expected [source] instead
[2018-04-06T21:44:06,408][WARN ][o.e.d.c.ParseField       ] Deprecated field [all_fields] used, replaced by [Set [fields] to `*` instead]
[2018-04-06T21:44:06,414][WARN ][o.e.d.c.ParseField       ] Deprecated field [inline] used, expected [source] instead
[2018-04-06T21:44:17,612][WARN ][o.e.d.c.ParseField       ] Deprecated field [all_fields] used, replaced by [Set [fields] to `*` instead]
[2018-04-06T21:44:17,626][WARN ][o.e.d.c.ParseField       ] Deprecated field [inline] used, expected [source] instead
[2018-04-06T21:44:26,141][WARN ][o.e.d.c.ParseField       ] Deprecated field [all_fields] used, replaced by [Set [fields] to `*` instead]
[2018-04-06T21:44:26,146][WARN ][o.e.d.c.ParseField       ] Deprecated field [inline] used, expected [source] instead
[2018-04-06T21:44:55,846][WARN ][o.e.d.c.ParseField       ] Deprecated field [all_fields] used, replaced by [Set [fields] to `*` instead]
[2018-04-06T21:44:55,856][WARN ][o.e.d.c.ParseField       ] Deprecated field [inline] used, expected [source] instead
[2018-04-06T21:45:09,662][WARN ][o.e.d.c.ParseField       ] Deprecated field [all_fields] used, replaced by [Set [fields] to `*` instead]
[2018-04-06T21:45:09,668][WARN ][o.e.d.c.ParseField       ] Deprecated field [inline] used, expected [source] instead
[2018-04-06T21:45:34,875][WARN ][o.e.d.c.ParseField       ] Deprecated field [all_fields] used, replaced by [Set [fields] to `*` instead]
[2018-04-06T21:45:34,890][WARN ][o.e.d.c.ParseField       ] Deprecated field [inline] used, expected [source] instead
[2018-04-06T21:47:59,432][WARN ][o.e.d.c.ParseField       ] Deprecated field [all_fields] used, replaced by [Set [fields] to `*` instead]
[2018-04-06T21:47:59,440][WARN ][o.e.d.c.ParseField       ] Deprecated field [inline] used, expected [source] instead
[2018-04-06T22:19:22,628][WARN ][o.e.d.c.ParseField       ] Deprecated field [all_fields] used, replaced by [Set [fields] to `*` instead]
[2018-04-06T22:19:22,639][WARN ][o.e.d.c.ParseField       ] Deprecated field [inline] used, expected [source] instead
[2018-04-06T22:19:30,880][WARN ][o.e.d.a.a.i.t.p.PutIndexTemplateRequest] Deprecated field [template] used, replaced by [index_patterns]
[2018-04-06T22:19:41,629][WARN ][o.e.d.a.a.i.t.p.PutIndexTemplateRequest] Deprecated field [template] used, replaced by [index_patterns]
[2018-04-06T22:19:47,112][WARN ][o.e.d.c.ParseField       ] Deprecated field [all_fields] used, replaced by [Set [fields] to `*` instead]
[2018-04-06T22:19:47,118][WARN ][o.e.d.c.ParseField       ] Deprecated field [inline] used, expected [source] instead
[2018-04-06T22:20:14,430][WARN ][o.e.d.c.ParseField       ] Deprecated field [all_fields] used, replaced by [Set [fields] to `*` instead]
[2018-04-06T22:20:17,445][WARN ][o.e.d.c.ParseField       ] Deprecated field [inline] used, expected [source] instead
[2018-04-06T22:20:39,044][WARN ][o.e.d.c.ParseField       ] Deprecated field [all_fields] used, replaced by [Set [fields] to `*` instead]
[2018-04-06T22:20:39,051][WARN ][o.e.d.c.ParseField       ] Deprecated field [inline] used, expected [source] instead
[2018-04-06T22:20:47,350][WARN ][o.e.d.c.ParseField       ] Deprecated field [all_fields] used, replaced by [Set [fields] to `*` instead]
[2018-04-06T22:20:47,356][WARN ][o.e.d.c.ParseField       ] Deprecated field [inline] used, expected [source] instead
[2018-04-06T22:20:51,034][WARN ][o.e.d.c.ParseField       ] Deprecated field [all_fields] used, replaced by [Set [fields] to `*` instead]
[2018-04-06T22:20:51,039][WARN ][o.e.d.c.ParseField       ] Deprecated field [inline] used, expected [source] instead
[2018-04-06T22:20:59,891][WARN ][o.e.d.a.a.i.t.p.PutIndexTemplateRequest] Deprecated field [template] used, replaced by [index_patterns]
[2018-04-06T22:21:00,975][WARN ][o.e.d.c.ParseField       ] Deprecated field [all_fields] used, replaced by [Set [fields] to `*` instead]
[2018-04-06T22:21:00,981][WARN ][o.e.d.c.ParseField       ] Deprecated field [inline] used, expected [source] instead
[2018-04-06T22:21:08,480][WARN ][o.e.d.c.ParseField       ] Deprecated field [all_fields] used, replaced by [Set [fields] to `*` instead]
[2018-04-06T22:21:08,485][WARN ][o.e.d.c.ParseField       ] Deprecated field [inline] used, expected [source] instead
[2018-04-06T22:21:23,446][WARN ][o.e.d.c.ParseField       ] Deprecated field [all_fields] used, replaced by [Set [fields] to `*` instead]
[2018-04-06T22:21:23,450][WARN ][o.e.d.c.ParseField       ] Deprecated field [inline] used, expected [source] instead
[2018-04-06T22:21:26,230][WARN ][o.e.d.c.ParseField       ] Deprecated field [all_fields] used, replaced by [Set [fields] to `*` instead]
[2018-04-06T22:21:26,235][WARN ][o.e.d.c.ParseField       ] Deprecated field [inline] used, expected [source] instead
[2018-04-06T22:21:32,454][WARN ][o.e.d.a.a.i.t.p.PutIndexTemplateRequest] Deprecated field [template] used, replaced by [index_patterns]
[2018-04-06T22:21:32,961][WARN ][o.e.d.c.ParseField       ] Deprecated field [all_fields] used, replaced by [Set [fields] to `*` instead]
[2018-04-06T22:21:32,967][WARN ][o.e.d.c.ParseField       ] Deprecated field [inline] used, expected [source] instead
[2018-04-06T22:21:33,187][WARN ][o.e.d.c.ParseField       ] Deprecated field [all_fields] used, replaced by [Set [fields] to `*` instead]
[2018-04-06T22:21:33,192][WARN ][o.e.d.c.ParseField       ] Deprecated field [inline] used, expected [source] instead
[2018-04-06T22:21:37,923][WARN ][o.e.d.c.ParseField       ] Deprecated field [all_fields] used, replaced by [Set [fields] to `*` instead]
[2018-04-06T22:21:37,928][WARN ][o.e.d.c.ParseField       ] Deprecated field [inline] used, expected [source] instead
[2018-04-06T22:21:43,397][WARN ][o.e.d.c.ParseField       ] Deprecated field [all_fields] used, replaced by [Set [fields] to `*` instead]
[2018-04-06T22:21:43,402][WARN ][o.e.d.c.ParseField       ] Deprecated field [inline] used, expected [source] instead
[2018-04-06T22:21:44,388][WARN ][o.e.d.c.ParseField       ] Deprecated field [all_fields] used, replaced by [Set [fields] to `*` instead]
[2018-04-06T22:21:44,392][WARN ][o.e.d.c.ParseField       ] Deprecated field [inline] used, expected [source] instead
[2018-04-06T22:21:51,518][WARN ][o.e.d.c.ParseField       ] Deprecated field [all_fields] used, replaced by [Set [fields] to `*` instead]
[2018-04-06T22:21:51,522][WARN ][o.e.d.c.ParseField       ] Deprecated field [all_fields] used, replaced by [Set [fields] to `*` instead]
[2018-04-06T22:21:51,525][WARN ][o.e.d.c.ParseField       ] Deprecated field [inline] used, expected [source] instead
[2018-04-06T22:21:51,537][WARN ][o.e.d.c.ParseField       ] Deprecated field [inline] used, expected [source] instead
[2018-04-06T22:22:15,504][WARN ][o.e.d.a.a.i.t.p.PutIndexTemplateRequest] Deprecated field [template] used, replaced by [index_patterns]
[2018-04-06T22:22:16,510][WARN ][o.e.d.c.ParseField       ] Deprecated field [all_fields] used, replaced by [Set [fields] to `*` instead]
[2018-04-06T22:22:16,519][WARN ][o.e.d.c.ParseField       ] Deprecated field [all_fields] used, replaced by [Set [fields] to `*` instead]
[2018-04-06T22:22:16,523][WARN ][o.e.d.c.ParseField       ] Deprecated field [inline] used, expected [source] instead
[2018-04-06T22:22:16,536][WARN ][o.e.d.c.ParseField       ] Deprecated field [inline] used, expected [source] instead
[2018-04-06T22:22:21,750][WARN ][o.e.d.c.ParseField       ] Deprecated field [all_fields] used, replaced by [Set [fields] to `*` instead]
[2018-04-06T22:22:21,756][WARN ][o.e.d.c.ParseField       ] Deprecated field [all_fields] used, replaced by [Set [fields] to `*` instead]
[2018-04-06T22:22:21,758][WARN ][o.e.d.c.ParseField       ] Deprecated field [inline] used, expected [source] instead
[2018-04-06T22:22:21,761][WARN ][o.e.d.c.ParseField       ] Deprecated field [inline] used, expected [source] instead
[2018-04-06T22:22:28,777][WARN ][o.e.d.c.ParseField       ] Deprecated field [all_fields] used, replaced by [Set [fields] to `*` instead]
[2018-04-06T22:22:28,785][WARN ][o.e.d.c.ParseField       ] Deprecated field [inline] used, expected [source] instead
[2018-04-06T22:22:28,789][WARN ][o.e.d.c.ParseField       ] Deprecated field [all_fields] used, replaced by [Set [fields] to `*` instead]
[2018-04-06T22:22:28,795][WARN ][o.e.d.c.ParseField       ] Deprecated field [inline] used, expected [source] instead
[2018-04-06T22:22:31,162][WARN ][o.e.d.c.ParseField       ] Deprecated field [all_fields] used, replaced by [Set [fields] to `*` instead]
[2018-04-06T22:22:31,169][WARN ][o.e.d.c.ParseField       ] Deprecated field [all_fields] used, replaced by [Set [fields] to `*` instead]
[2018-04-06T22:22:31,170][WARN ][o.e.d.c.ParseField       ] Deprecated field [inline] used, expected [source] instead
[2018-04-06T22:22:31,179][WARN ][o.e.d.c.ParseField       ] Deprecated field [inline] used, expected [source] instead
[2018-04-06T22:22:43,816][WARN ][o.e.d.a.a.i.t.p.PutIndexTemplateRequest] Deprecated field [template] used, replaced by [index_patterns]
[2018-04-06T22:22:47,972][WARN ][o.e.d.c.ParseField       ] Deprecated field [all_fields] used, replaced by [Set [fields] to `*` instead]
[2018-04-06T22:22:47,980][WARN ][o.e.d.c.ParseField       ] Deprecated field [inline] used, expected [source] instead
[2018-04-06T22:22:48,937][WARN ][o.e.d.c.ParseField       ] Deprecated field [all_fields] used, replaced by [Set [fields] to `*` instead]
[2018-04-06T22:22:48,941][WARN ][o.e.d.c.ParseField       ] Deprecated field [inline] used, expected [source] instead
[2018-04-06T22:22:53,832][WARN ][o.e.d.c.ParseField       ] Deprecated field [all_fields] used, replaced by [Set [fields] to `*` instead]
[2018-04-06T22:22:53,836][WARN ][o.e.d.c.ParseField       ] Deprecated field [all_fields] used, replaced by [Set [fields] to `*` instead]
[2018-04-06T22:22:53,838][WARN ][o.e.d.c.ParseField       ] Deprecated field [inline] used, expected [source] instead
[2018-04-06T22:22:53,849][WARN ][o.e.d.c.ParseField       ] Deprecated field [inline] used, expected [source] instead
[2018-04-06T22:22:57,980][WARN ][o.e.d.a.a.i.t.p.PutIndexTemplateRequest] Deprecated field [template] used, replaced by [index_patterns]
[2018-04-06T22:22:59,909][WARN ][o.e.d.c.ParseField       ] Deprecated field [all_fields] used, replaced by [Set [fields] to `*` instead]
[2018-04-06T22:22:59,919][WARN ][o.e.d.c.ParseField       ] Deprecated field [inline] used, expected [source] instead
[2018-04-06T22:22:59,929][WARN ][o.e.d.c.ParseField       ] Deprecated field [all_fields] used, replaced by [Set [fields] to `*` instead]
[2018-04-06T22:22:59,941][WARN ][o.e.d.c.ParseField       ] Deprecated field [inline] used, expected [source] instead
[2018-04-06T22:23:03,011][WARN ][o.e.d.c.ParseField       ] Deprecated field [all_fields] used, replaced by [Set [fields] to `*` instead]
[2018-04-06T22:23:03,017][WARN ][o.e.d.c.ParseField       ] Deprecated field [all_fields] used, replaced by [Set [fields] to `*` instead]
[2018-04-06T22:23:03,021][WARN ][o.e.d.c.ParseField       ] Deprecated field [inline] used, expected [source] instead
[2018-04-06T22:23:03,029][WARN ][o.e.d.c.ParseField       ] Deprecated field [inline] used, expected [source] instead
[2018-04-06T22:23:36,691][WARN ][o.e.d.c.ParseField       ] Deprecated field [all_fields] used, replaced by [Set [fields] to `*` instead]
[2018-04-06T22:23:36,698][WARN ][o.e.d.c.ParseField       ] Deprecated field [inline] used, expected [source] instead
[2018-04-06T22:25:11,164][WARN ][o.e.d.a.a.i.t.p.PutIndexTemplateRequest] Deprecated field [template] used, replaced by [index_patterns]
[2018-04-06T22:27:54,192][WARN ][o.e.d.a.a.i.t.p.PutIndexTemplateRequest] Deprecated field [template] used, replaced by [index_patterns]
[2018-04-06T22:27:56,435][WARN ][o.e.d.c.ParseField       ] Deprecated field [all_fields] used, replaced by [Set [fields] to `*` instead]
[2018-04-06T22:27:56,442][WARN ][o.e.d.c.ParseField       ] Deprecated field [inline] used, expected [source] instead
[2018-04-06T22:27:56,500][WARN ][o.e.d.c.ParseField       ] Deprecated field [all_fields] used, replaced by [Set [fields] to `*` instead]
[2018-04-06T22:27:56,505][WARN ][o.e.d.c.ParseField       ] Deprecated field [inline] used, expected [source] instead
[2018-04-06T22:27:59,323][WARN ][o.e.d.c.ParseField       ] Deprecated field [all_fields] used, replaced by [Set [fields] to `*` instead]
[2018-04-06T22:27:59,329][WARN ][o.e.d.c.ParseField       ] Deprecated field [all_fields] used, replaced by [Set [fields] to `*` instead]
[2018-04-06T22:27:59,330][WARN ][o.e.d.c.ParseField       ] Deprecated field [inline] used, expected [source] instead
[2018-04-06T22:27:59,342][WARN ][o.e.d.c.ParseField       ] Deprecated field [inline] used, expected [source] instead
[2018-04-06T22:28:02,771][WARN ][o.e.d.c.ParseField       ] Deprecated field [all_fields] used, replaced by [Set [fields] to `*` instead]
[2018-04-06T22:28:02,774][WARN ][o.e.d.c.ParseField       ] Deprecated field [all_fields] used, replaced by [Set [fields] to `*` instead]
[2018-04-06T22:28:02,777][WARN ][o.e.d.c.ParseField       ] Deprecated field [inline] used, expected [source] instead
[2018-04-06T22:28:02,780][WARN ][o.e.d.c.ParseField       ] Deprecated field [inline] used, expected [source] instead
[2018-04-06T22:28:17,692][WARN ][o.e.d.a.a.i.t.p.PutIndexTemplateRequest] Deprecated field [template] used, replaced by [index_patterns]
[2018-04-06T22:28:18,828][WARN ][o.e.d.c.ParseField       ] Deprecated field [all_fields] used, replaced by [Set [fields] to `*` instead]
[2018-04-06T22:28:18,831][WARN ][o.e.d.c.ParseField       ] Deprecated field [all_fields] used, replaced by [Set [fields] to `*` instead]
[2018-04-06T22:28:18,844][WARN ][o.e.d.c.ParseField       ] Deprecated field [inline] used, expected [source] instead
[2018-04-06T22:28:18,846][WARN ][o.e.d.c.ParseField       ] Deprecated field [inline] used, expected [source] instead
[2018-04-06T23:49:55,289][WARN ][o.e.d.c.ParseField       ] Deprecated field [all_fields] used, replaced by [Set [fields] to `*` instead]
[2018-04-06T23:49:55,313][WARN ][o.e.d.c.ParseField       ] Deprecated field [all_fields] used, replaced by [Set [fields] to `*` instead]
[2018-04-06T23:49:55,327][WARN ][o.e.d.c.ParseField       ] Deprecated field [inline] used, expected [source] instead
[2018-04-06T23:49:55,335][WARN ][o.e.d.c.ParseField       ] Deprecated field [inline] used, expected [source] instead
[2018-04-13T17:31:22,617][WARN ][o.e.d.c.ParseField       ] Deprecated field [all_fields] used, replaced by [Set [fields] to `*` instead]
[2018-04-13T17:31:22,674][WARN ][o.e.d.c.ParseField       ] Deprecated field [all_fields] used, replaced by [Set [fields] to `*` instead]
[2018-04-13T17:31:22,892][WARN ][o.e.d.c.ParseField       ] Deprecated field [inline] used, expected [source] instead
[2018-04-13T17:31:22,894][WARN ][o.e.d.c.ParseField       ] Deprecated field [inline] used, expected [source] instead
[2018-04-13T17:34:32,637][WARN ][o.e.d.c.ParseField       ] Deprecated field [all_fields] used, replaced by [Set [fields] to `*` instead]
[2018-04-13T17:34:32,657][WARN ][o.e.d.c.ParseField       ] Deprecated field [all_fields] used, replaced by [Set [fields] to `*` instead]
[2018-04-13T17:34:33,208][WARN ][o.e.d.c.ParseField       ] Deprecated field [all_fields] used, replaced by [Set [fields] to `*` instead]
[2018-04-13T17:34:33,248][WARN ][o.e.d.c.ParseField       ] Deprecated field [all_fields] used, replaced by [Set [fields] to `*` instead]
[2018-04-13T17:34:33,275][WARN ][o.e.d.c.ParseField       ] Deprecated field [inline] used, expected [source] instead
[2018-04-13T17:34:33,275][WARN ][o.e.d.c.ParseField       ] Deprecated field [inline] used, expected [source] instead
[2018-04-13T17:34:33,351][WARN ][o.e.d.c.ParseField       ] Deprecated field [inline] used, expected [source] instead
[2018-04-13T17:34:33,397][WARN ][o.e.d.c.ParseField       ] Deprecated field [inline] used, expected [source] instead
[2018-04-13T17:34:45,161][WARN ][o.e.d.c.ParseField       ] Deprecated field [all_fields] used, replaced by [Set [fields] to `*` instead]
[2018-04-13T17:34:45,171][WARN ][o.e.d.c.ParseField       ] Deprecated field [all_fields] used, replaced by [Set [fields] to `*` instead]
[2018-04-13T17:34:45,207][WARN ][o.e.d.c.ParseField       ] Deprecated field [inline] used, expected [source] instead
[2018-04-13T17:34:45,233][WARN ][o.e.d.c.ParseField       ] Deprecated field [inline] used, expected [source] instead
[2018-04-13T19:21:02,896][WARN ][o.e.d.a.a.i.t.p.PutIndexTemplateRequest] Deprecated field [template] used, replaced by [index_patterns]
[2018-04-13T19:21:03,356][WARN ][o.e.d.a.a.i.t.p.PutIndexTemplateRequest] Deprecated field [template] used, replaced by [index_patterns]
[2018-04-13T19:24:41,993][WARN ][o.e.d.c.ParseField       ] Deprecated field [all_fields] used, replaced by [Set [fields] to `*` instead]
[2018-04-13T19:24:42,021][WARN ][o.e.d.c.ParseField       ] Deprecated field [inline] used, expected [source] instead
[2018-04-13T19:24:42,102][WARN ][o.e.d.c.ParseField       ] Deprecated field [all_fields] used, replaced by [Set [fields] to `*` instead]
[2018-04-13T19:24:42,111][WARN ][o.e.d.c.ParseField       ] Deprecated field [inline] used, expected [source] instead
[2018-04-13T19:24:47,974][WARN ][o.e.d.c.ParseField       ] Deprecated field [all_fields] used, replaced by [Set [fields] to `*` instead]
[2018-04-13T19:24:47,988][WARN ][o.e.d.c.ParseField       ] Deprecated field [all_fields] used, replaced by [Set [fields] to `*` instead]
[2018-04-13T19:24:47,991][WARN ][o.e.d.c.ParseField       ] Deprecated field [inline] used, expected [source] instead
[2018-04-13T19:24:48,059][WARN ][o.e.d.c.ParseField       ] Deprecated field [inline] used, expected [source] instead
[2018-04-13T19:24:48,168][WARN ][o.e.d.c.ParseField       ] Deprecated field [all_fields] used, replaced by [Set [fields] to `*` instead]
[2018-04-13T19:24:48,168][WARN ][o.e.d.c.ParseField       ] Deprecated field [all_fields] used, replaced by [Set [fields] to `*` instead]
[2018-04-13T19:24:48,210][WARN ][o.e.d.c.ParseField       ] Deprecated field [inline] used, expected [source] instead
[2018-04-13T19:24:48,210][WARN ][o.e.d.c.ParseField       ] Deprecated field [inline] used, expected [source] instead
[2018-04-13T19:33:11,797][WARN ][o.e.d.a.a.i.t.p.PutIndexTemplateRequest] Deprecated field [template] used, replaced by [index_patterns]
[2018-04-13T19:33:12,018][WARN ][o.e.d.a.a.i.t.p.PutIndexTemplateRequest] Deprecated field [template] used, replaced by [index_patterns]
[2018-04-13T19:33:17,866][WARN ][o.e.d.i.m.UidFieldMapper ] Fielddata access on the _uid field is deprecated, use _id instead
[2018-04-13T19:33:21,343][WARN ][o.e.d.a.a.i.t.p.PutIndexTemplateRequest] Deprecated field [template] used, replaced by [index_patterns]
[2018-04-13T19:33:22,173][WARN ][o.e.d.i.m.UidFieldMapper ] Fielddata access on the _uid field is deprecated, use _id instead
[2018-04-13T19:33:22,190][WARN ][o.e.d.a.a.i.t.p.PutIndexTemplateRequest] Deprecated field [template] used, replaced by [index_patterns]
[2018-04-13T19:33:22,239][WARN ][o.e.d.a.a.i.t.p.PutIndexTemplateRequest] Deprecated field [template] used, replaced by [index_patterns]
[2018-04-13T19:33:31,240][WARN ][o.e.d.c.ParseField       ] Deprecated field [all_fields] used, replaced by [Set [fields] to `*` instead]
[2018-04-13T19:33:31,249][WARN ][o.e.d.c.ParseField       ] Deprecated field [all_fields] used, replaced by [Set [fields] to `*` instead]
[2018-04-13T19:33:31,251][WARN ][o.e.d.c.ParseField       ] Deprecated field [inline] used, expected [source] instead
[2018-04-13T19:33:31,269][WARN ][o.e.d.c.ParseField       ] Deprecated field [inline] used, expected [source] instead
[2018-04-13T19:33:34,908][WARN ][o.e.d.c.ParseField       ] Deprecated field [all_fields] used, replaced by [Set [fields] to `*` instead]
[2018-04-13T19:33:34,913][WARN ][o.e.d.c.ParseField       ] Deprecated field [all_fields] used, replaced by [Set [fields] to `*` instead]
[2018-04-13T19:33:34,916][WARN ][o.e.d.c.ParseField       ] Deprecated field [inline] used, expected [source] instead
[2018-04-13T19:33:34,924][WARN ][o.e.d.c.ParseField       ] Deprecated field [inline] used, expected [source] instead
[2018-04-13T19:33:58,128][WARN ][o.e.d.a.a.i.t.p.PutIndexTemplateRequest] Deprecated field [template] used, replaced by [index_patterns]
[2018-04-13T19:34:34,596][WARN ][o.e.d.a.a.i.t.p.PutIndexTemplateRequest] Deprecated field [template] used, replaced by [index_patterns]
[2018-04-13T19:34:37,030][WARN ][o.e.d.c.ParseField       ] Deprecated field [all_fields] used, replaced by [Set [fields] to `*` instead]
[2018-04-13T19:34:37,047][WARN ][o.e.d.c.ParseField       ] Deprecated field [all_fields] used, replaced by [Set [fields] to `*` instead]
[2018-04-13T19:34:37,052][WARN ][o.e.d.c.ParseField       ] Deprecated field [inline] used, expected [source] instead
[2018-04-13T19:34:37,062][WARN ][o.e.d.c.ParseField       ] Deprecated field [inline] used, expected [source] instead
[2018-04-13T19:34:39,636][WARN ][o.e.d.c.ParseField       ] Deprecated field [all_fields] used, replaced by [Set [fields] to `*` instead]
[2018-04-13T19:34:39,641][WARN ][o.e.d.c.ParseField       ] Deprecated field [all_fields] used, replaced by [Set [fields] to `*` instead]
[2018-04-13T19:34:39,661][WARN ][o.e.d.c.ParseField       ] Deprecated field [inline] used, expected [source] instead
[2018-04-13T19:34:39,664][WARN ][o.e.d.c.ParseField       ] Deprecated field [inline] used, expected [source] instead
[2018-04-13T19:34:41,055][WARN ][o.e.d.c.ParseField       ] Deprecated field [all_fields] used, replaced by [Set [fields] to `*` instead]
[2018-04-13T19:34:41,061][WARN ][o.e.d.c.ParseField       ] Deprecated field [all_fields] used, replaced by [Set [fields] to `*` instead]
[2018-04-13T19:34:41,070][WARN ][o.e.d.c.ParseField       ] Deprecated field [inline] used, expected [source] instead
[2018-04-13T19:34:41,072][WARN ][o.e.d.c.ParseField       ] Deprecated field [inline] used, expected [source] instead
[2018-04-13T19:34:44,968][WARN ][o.e.d.c.ParseField       ] Deprecated field [all_fields] used, replaced by [Set [fields] to `*` instead]
[2018-04-13T19:34:44,975][WARN ][o.e.d.c.ParseField       ] Deprecated field [all_fields] used, replaced by [Set [fields] to `*` instead]
[2018-04-13T19:34:44,977][WARN ][o.e.d.c.ParseField       ] Deprecated field [inline] used, expected [source] instead
[2018-04-13T19:34:44,982][WARN ][o.e.d.c.ParseField       ] Deprecated field [inline] used, expected [source] instead
[2018-04-13T19:34:53,584][WARN ][o.e.d.c.ParseField       ] Deprecated field [all_fields] used, replaced by [Set [fields] to `*` instead]
[2018-04-13T19:34:53,589][WARN ][o.e.d.c.ParseField       ] Deprecated field [inline] used, expected [source] instead
[2018-04-13T19:34:56,838][WARN ][o.e.d.c.ParseField       ] Deprecated field [all_fields] used, replaced by [Set [fields] to `*` instead]
[2018-04-13T19:34:56,843][WARN ][o.e.d.c.ParseField       ] Deprecated field [inline] used, expected [source] instead
[2018-04-13T19:35:02,350][WARN ][o.e.d.a.a.i.t.p.PutIndexTemplateRequest] Deprecated field [template] used, replaced by [index_patterns]
[2018-04-13T19:36:17,043][WARN ][o.e.d.a.a.i.t.p.PutIndexTemplateRequest] Deprecated field [template] used, replaced by [index_patterns]
[2018-04-13T19:36:20,156][WARN ][o.e.d.c.ParseField       ] Deprecated field [all_fields] used, replaced by [Set [fields] to `*` instead]
[2018-04-13T19:36:20,165][WARN ][o.e.d.c.ParseField       ] Deprecated field [all_fields] used, replaced by [Set [fields] to `*` instead]
[2018-04-13T19:36:20,168][WARN ][o.e.d.c.ParseField       ] Deprecated field [inline] used, expected [source] instead
[2018-04-13T19:36:20,174][WARN ][o.e.d.c.ParseField       ] Deprecated field [inline] used, expected [source] instead
[2018-04-13T19:36:22,724][WARN ][o.e.d.c.ParseField       ] Deprecated field [all_fields] used, replaced by [Set [fields] to `*` instead]
[2018-04-13T19:36:22,730][WARN ][o.e.d.c.ParseField       ] Deprecated field [all_fields] used, replaced by [Set [fields] to `*` instead]
[2018-04-13T19:36:22,732][WARN ][o.e.d.c.ParseField       ] Deprecated field [inline] used, expected [source] instead
[2018-04-13T19:36:22,740][WARN ][o.e.d.c.ParseField       ] Deprecated field [inline] used, expected [source] instead
[2018-04-13T19:36:32,352][WARN ][o.e.d.c.ParseField       ] Deprecated field [all_fields] used, replaced by [Set [fields] to `*` instead]
[2018-04-13T19:36:32,358][WARN ][o.e.d.c.ParseField       ] Deprecated field [all_fields] used, replaced by [Set [fields] to `*` instead]
[2018-04-13T19:36:32,359][WARN ][o.e.d.c.ParseField       ] Deprecated field [inline] used, expected [source] instead
[2018-04-13T19:36:32,365][WARN ][o.e.d.c.ParseField       ] Deprecated field [inline] used, expected [source] instead
[2018-04-13T19:36:45,851][WARN ][o.e.d.a.a.i.t.p.PutIndexTemplateRequest] Deprecated field [template] used, replaced by [index_patterns]
[2018-04-13T19:36:46,867][WARN ][o.e.d.c.ParseField       ] Deprecated field [all_fields] used, replaced by [Set [fields] to `*` instead]
[2018-04-13T19:36:46,874][WARN ][o.e.d.c.ParseField       ] Deprecated field [all_fields] used, replaced by [Set [fields] to `*` instead]
[2018-04-13T19:36:46,879][WARN ][o.e.d.c.ParseField       ] Deprecated field [inline] used, expected [source] instead
[2018-04-13T19:36:46,880][WARN ][o.e.d.c.ParseField       ] Deprecated field [inline] used, expected [source] instead
[2018-04-13T19:36:53,493][WARN ][o.e.d.c.ParseField       ] Deprecated field [all_fields] used, replaced by [Set [fields] to `*` instead]
[2018-04-13T19:36:53,498][WARN ][o.e.d.c.ParseField       ] Deprecated field [all_fields] used, replaced by [Set [fields] to `*` instead]
[2018-04-13T19:36:53,500][WARN ][o.e.d.c.ParseField       ] Deprecated field [inline] used, expected [source] instead
[2018-04-13T19:36:53,507][WARN ][o.e.d.c.ParseField       ] Deprecated field [inline] used, expected [source] instead
[2018-04-13T19:36:58,771][WARN ][o.e.d.a.a.i.t.p.PutIndexTemplateRequest] Deprecated field [template] used, replaced by [index_patterns]
[2018-04-13T19:37:00,037][WARN ][o.e.d.c.ParseField       ] Deprecated field [all_fields] used, replaced by [Set [fields] to `*` instead]
[2018-04-13T19:37:00,041][WARN ][o.e.d.c.ParseField       ] Deprecated field [all_fields] used, replaced by [Set [fields] to `*` instead]
[2018-04-13T19:37:00,050][WARN ][o.e.d.c.ParseField       ] Deprecated field [inline] used, expected [source] instead
[2018-04-13T19:37:00,053][WARN ][o.e.d.c.ParseField       ] Deprecated field [inline] used, expected [source] instead
[2018-04-13T21:38:47,499][WARN ][o.e.d.c.ParseField       ] Deprecated field [all_fields] used, replaced by [Set [fields] to `*` instead]
[2018-04-13T21:38:47,507][WARN ][o.e.d.c.ParseField       ] Deprecated field [all_fields] used, replaced by [Set [fields] to `*` instead]
[2018-04-13T21:38:47,521][WARN ][o.e.d.c.ParseField       ] Deprecated field [inline] used, expected [source] instead
[2018-04-13T21:38:47,521][WARN ][o.e.d.c.ParseField       ] Deprecated field [inline] used, expected [source] instead
[2018-04-13T21:38:47,614][WARN ][o.e.d.c.ParseField       ] Deprecated field [all_fields] used, replaced by [Set [fields] to `*` instead]
[2018-04-13T21:38:47,620][WARN ][o.e.d.c.ParseField       ] Deprecated field [all_fields] used, replaced by [Set [fields] to `*` instead]
[2018-04-13T21:38:47,622][WARN ][o.e.d.c.ParseField       ] Deprecated field [inline] used, expected [source] instead
[2018-04-13T21:38:47,625][WARN ][o.e.d.c.ParseField       ] Deprecated field [inline] used, expected [source] instead
[2018-04-13T21:38:49,823][WARN ][o.e.d.c.ParseField       ] Deprecated field [all_fields] used, replaced by [Set [fields] to `*` instead]
[2018-04-13T21:38:49,828][WARN ][o.e.d.c.ParseField       ] Deprecated field [all_fields] used, replaced by [Set [fields] to `*` instead]
[2018-04-13T21:38:49,831][WARN ][o.e.d.c.ParseField       ] Deprecated field [inline] used, expected [source] instead
[2018-04-13T21:38:49,834][WARN ][o.e.d.c.ParseField       ] Deprecated field [inline] used, expected [source] instead
[2018-04-13T21:38:58,368][WARN ][o.e.d.c.ParseField       ] Deprecated field [all_fields] used, replaced by [Set [fields] to `*` instead]
[2018-04-13T21:38:58,373][WARN ][o.e.d.c.ParseField       ] Deprecated field [all_fields] used, replaced by [Set [fields] to `*` instead]
[2018-04-13T21:38:58,374][WARN ][o.e.d.c.ParseField       ] Deprecated field [inline] used, expected [source] instead
[2018-04-13T21:38:58,378][WARN ][o.e.d.c.ParseField       ] Deprecated field [inline] used, expected [source] instead
[2018-04-13T21:39:14,252][WARN ][o.e.d.c.ParseField       ] Deprecated field [all_fields] used, replaced by [Set [fields] to `*` instead]
[2018-04-13T21:39:14,264][WARN ][o.e.d.c.ParseField       ] Deprecated field [inline] used, expected [source] instead
[2018-04-13T21:39:14,277][WARN ][o.e.d.c.ParseField       ] Deprecated field [all_fields] used, replaced by [Set [fields] to `*` instead]
[2018-04-13T21:39:14,311][WARN ][o.e.d.c.ParseField       ] Deprecated field [inline] used, expected [source] instead
[2018-04-13T21:40:06,351][WARN ][o.e.d.c.ParseField       ] Deprecated field [all_fields] used, replaced by [Set [fields] to `*` instead]
[2018-04-13T21:40:06,358][WARN ][o.e.d.c.ParseField       ] Deprecated field [inline] used, expected [source] instead
[2018-04-13T21:40:06,399][WARN ][o.e.d.c.ParseField       ] Deprecated field [all_fields] used, replaced by [Set [fields] to `*` instead]
[2018-04-13T21:40:06,402][WARN ][o.e.d.c.ParseField       ] Deprecated field [inline] used, expected [source] instead
[2018-04-13T21:40:11,515][WARN ][o.e.d.c.ParseField       ] Deprecated field [all_fields] used, replaced by [Set [fields] to `*` instead]
[2018-04-13T21:40:11,523][WARN ][o.e.d.c.ParseField       ] Deprecated field [inline] used, expected [source] instead
[2018-04-13T21:41:16,493][WARN ][o.e.d.c.ParseField       ] Deprecated field [all_fields] used, replaced by [Set [fields] to `*` instead]
[2018-04-13T21:41:16,502][WARN ][o.e.d.c.ParseField       ] Deprecated field [inline] used, expected [source] instead
[2018-04-13T21:41:35,031][WARN ][o.e.d.c.ParseField       ] Deprecated field [all_fields] used, replaced by [Set [fields] to `*` instead]
[2018-04-13T21:41:35,041][WARN ][o.e.d.c.ParseField       ] Deprecated field [inline] used, expected [source] instead
[2018-04-13T22:11:54,921][WARN ][o.e.d.c.ParseField       ] Deprecated field [all_fields] used, replaced by [Set [fields] to `*` instead]
[2018-04-13T22:11:54,926][WARN ][o.e.d.c.ParseField       ] Deprecated field [all_fields] used, replaced by [Set [fields] to `*` instead]
[2018-04-13T22:11:54,933][WARN ][o.e.d.c.ParseField       ] Deprecated field [inline] used, expected [source] instead
[2018-04-13T22:11:54,937][WARN ][o.e.d.c.ParseField       ] Deprecated field [inline] used, expected [source] instead
[2018-04-13T22:11:55,042][WARN ][o.e.d.c.ParseField       ] Deprecated field [all_fields] used, replaced by [Set [fields] to `*` instead]
[2018-04-13T22:11:55,046][WARN ][o.e.d.c.ParseField       ] Deprecated field [all_fields] used, replaced by [Set [fields] to `*` instead]
[2018-04-13T22:11:55,048][WARN ][o.e.d.c.ParseField       ] Deprecated field [inline] used, expected [source] instead
[2018-04-13T22:11:55,050][WARN ][o.e.d.c.ParseField       ] Deprecated field [inline] used, expected [source] instead
[2018-04-13T22:12:05,422][WARN ][o.e.d.c.ParseField       ] Deprecated field [all_fields] used, replaced by [Set [fields] to `*` instead]
[2018-04-13T22:12:05,429][WARN ][o.e.d.c.ParseField       ] Deprecated field [all_fields] used, replaced by [Set [fields] to `*` instead]
[2018-04-13T22:12:05,430][WARN ][o.e.d.c.ParseField       ] Deprecated field [inline] used, expected [source] instead
[2018-04-13T22:12:05,436][WARN ][o.e.d.c.ParseField       ] Deprecated field [inline] used, expected [source] instead
[2018-04-13T22:13:43,638][WARN ][o.e.d.c.ParseField       ] Deprecated field [all_fields] used, replaced by [Set [fields] to `*` instead]
[2018-04-13T22:13:43,654][WARN ][o.e.d.c.ParseField       ] Deprecated field [all_fields] used, replaced by [Set [fields] to `*` instead]
[2018-04-13T22:13:43,655][WARN ][o.e.d.c.ParseField       ] Deprecated field [inline] used, expected [source] instead
[2018-04-13T22:13:43,662][WARN ][o.e.d.c.ParseField       ] Deprecated field [inline] used, expected [source] instead
[2018-04-13T22:13:43,789][WARN ][o.e.d.c.ParseField       ] Deprecated field [all_fields] used, replaced by [Set [fields] to `*` instead]
[2018-04-13T22:13:43,794][WARN ][o.e.d.c.ParseField       ] Deprecated field [all_fields] used, replaced by [Set [fields] to `*` instead]
[2018-04-13T22:13:43,798][WARN ][o.e.d.c.ParseField       ] Deprecated field [inline] used, expected [source] instead
[2018-04-13T22:13:43,809][WARN ][o.e.d.c.ParseField       ] Deprecated field [inline] used, expected [source] instead
[2018-04-13T22:16:40,925][WARN ][o.e.d.c.ParseField       ] Deprecated field [all_fields] used, replaced by [Set [fields] to `*` instead]
[2018-04-13T22:16:40,931][WARN ][o.e.d.c.ParseField       ] Deprecated field [all_fields] used, replaced by [Set [fields] to `*` instead]
[2018-04-13T22:16:40,936][WARN ][o.e.d.c.ParseField       ] Deprecated field [inline] used, expected [source] instead
[2018-04-13T22:16:40,942][WARN ][o.e.d.c.ParseField       ] Deprecated field [inline] used, expected [source] instead
[2018-04-13T22:16:41,075][WARN ][o.e.d.c.ParseField       ] Deprecated field [all_fields] used, replaced by [Set [fields] to `*` instead]
[2018-04-13T22:16:41,085][WARN ][o.e.d.c.ParseField       ] Deprecated field [all_fields] used, replaced by [Set [fields] to `*` instead]
[2018-04-13T22:16:41,094][WARN ][o.e.d.c.ParseField       ] Deprecated field [inline] used, expected [source] instead
[2018-04-13T22:16:41,105][WARN ][o.e.d.c.ParseField       ] Deprecated field [inline] used, expected [source] instead
[2018-04-13T22:16:44,016][WARN ][o.e.d.c.ParseField       ] Deprecated field [all_fields] used, replaced by [Set [fields] to `*` instead]
[2018-04-13T22:16:44,024][WARN ][o.e.d.c.ParseField       ] Deprecated field [all_fields] used, replaced by [Set [fields] to `*` instead]
[2018-04-13T22:16:44,026][WARN ][o.e.d.c.ParseField       ] Deprecated field [inline] used, expected [source] instead
[2018-04-13T22:16:44,030][WARN ][o.e.d.c.ParseField       ] Deprecated field [inline] used, expected [source] instead
